This is TeX, Version 3.1415926 (Web2C 7.5.7) (format=tex 2008.10.4)  26 AUG 2009 14:45
**\def\Link#1.a.b.c.{\expandafter\def\csname tex4ht\endcsname{\expandafter\def\
csname tex4ht\endcsname{#1,xhtml}\input tex4ht.sty }}\def\HCode{\futurelet\HCod
e\HChar}\def\HChar{\ifx"\HCode\def\HCode"##1"{\Link##1}\expandafter\HCode\else\
expandafter\Link\fi}\HCode .a.b.c.\input  in-mat-web-js
(./in-mat-web-js.tex
(/home.ldf/sdileny/texlive2008/texmf-dist/tex/generic/tex4ht/onmouseover.4ht
version 2008-09-06-23:50
\CodeNumber=\count26
)
Missing character: There is no ^^b4 in font cmtt10!
Missing character: There is no ^^b4 in font cmtt10!
Missing character: There is no ^^b4 in font cmtt10!
Missing character: There is no ^^b4 in font cmtt10!
Missing character: There is no ^^b4 in font cmtt10!
Missing character: There is no ^^b4 in font cmtt10!
Missing character: There is no ^^b4 in font cmtt10!
Missing character: There is no ^^b4 in font cmtt10!
Missing character: There is no ^^b4 in font cmtt10!
Missing character: There is no ^^b4 in font cmtt10!
Missing character: There is no ^^b4 in font cmtt10!
Missing character: There is no ^^b4 in font cmtt10!
Missing character: There is no ^^b4 in font cmtt10!
Missing character: There is no ^^b4 in font cmtt10!
Missing character: There is no ^^b4 in font cmtt10!
Missing character: There is no ^^b4 in font cmtt10!
Missing character: There is no ^^b4 in font cmtt10!
Missing character: There is no ^^b4 in font cmtt10!
Missing character: There is no ^^b4 in font cmtt10!
Missing character: There is no ^^b4 in font cmtt10!
Missing character: There is no ^^b4 in font cmtt10!
Missing character: There is no ^^b4 in font cmtt10!
Missing character: There is no ^^b4 in font cmtt10!
Missing character: There is no ^^b4 in font cmtt10!
Missing character: There is no ^^b4 in font cmtt10!
Missing character: There is no ^^b4 in font cmtt10!
Missing character: There is no ^^b4 in font cmtt10!
Missing character: There is no ^^b4 in font cmtt10!
Missing character: There is no ^^b4 in font cmtt10!
Missing character: There is no ^^b4 in font cmtt10!
Missing character: There is no ^^b4 in font cmtt10!
Missing character: There is no ^^b4 in font cmtt10!
Missing character: There is no ^^b4 in font cmtt10!
Missing character: There is no ^^b4 in font cmtt10!
Missing character: There is no ^^b4 in font cmtt10!
Missing character: There is no ^^b4 in font cmtt10!
Missing character: There is no ^^b4 in font cmtt10!
Missing character: There is no ^^b4 in font cmtt10!
Missing character: There is no ^^b4 in font cmtt10!
Missing character: There is no ^^b4 in font cmtt10!
Missing character: There is no ^^b4 in font cmtt10!
Missing character: There is no ^^b4 in font cmtt10!
Missing character: There is no ^^b4 in font cmtt10!
Missing character: There is no ^^b4 in font cmtt10!
Missing character: There is no ^^b4 in font cmtt10!
Missing character: There is no ^^b4 in font cmtt10!
Missing character: There is no ^^b4 in font cmtt10!
Missing character: There is no ^^b4 in font cmtt10!
Missing character: There is no ^^b4 in font cmtt10!
Missing character: There is no ^^b4 in font cmtt10!
Missing character: There is no ^^b4 in font cmtt10!
Missing character: There is no ^^b4 in font cmtt10!
Missing character: There is no ^^b4 in font cmtt10!
Missing character: There is no ^^b4 in font cmtt10!
Missing character: There is no ^^b4 in font cmtt10!
Missing character: There is no ^^b4 in font cmtt10!
Missing character: There is no ^^b4 in font cmtt10!
Missing character: There is no ^^b4 in font cmtt10!
Missing character: There is no ^^b4 in font cmtt10!
Missing character: There is no ^^b4 in font cmtt10!
Missing character: There is no ^^b4 in font cmtt10!
Missing character: There is no ^^b4 in font cmtt10!
Missing character: There is no ^^b4 in font cmtt10!
Missing character: There is no ^^b4 in font cmtt10!
Missing character: There is no ^^b4 in font cmtt10!
Missing character: There is no ^^b4 in font cmtt10!
Missing character: There is no ^^b4 in font cmtt10!
Missing character: There is no ^^b4 in font cmtt10!
Missing character: There is no ^^b4 in font cmtt10!
Missing character: There is no ^^b4 in font cmtt10!
Missing character: There is no ^^b4 in font cmtt10!
Missing character: There is no ^^b4 in font cmtt10!
Missing character: There is no ^^b4 in font cmtt10!
Missing character: There is no ^^b4 in font cmtt10!
Missing character: There is no ^^b4 in font cmtt10!
Missing character: There is no ^^b4 in font cmtt10!
Missing character: There is no ^^b4 in font cmtt10!
Missing character: There is no ^^b4 in font cmtt10!
Missing character: There is no ^^b4 in font cmtt10!
Missing character: There is no ^^b4 in font cmtt10!
Missing character: There is no ^^b4 in font cmtt10!
Missing character: There is no ^^b4 in font cmtt10!
Missing character: There is no ^^b4 in font cmtt10!
Missing character: There is no ^^b4 in font cmtt10!
Missing character: There is no ^^b4 in font cmtt10!
Missing character: There is no ^^b4 in font cmtt10!
Missing character: There is no ^^b4 in font cmtt10!
Missing character: There is no ^^b4 in font cmtt10!
Missing character: There is no ^^b4 in font cmtt10!
Missing character: There is no ^^b4 in font cmtt10!
Missing character: There is no ^^b4 in font cmtt10!
Missing character: There is no ^^b4 in font cmtt10!
Missing character: There is no ^^b4 in font cmtt10!
Missing character: There is no ^^b4 in font cmtt10!
Missing character: There is no ^^b4 in font cmtt10!
Missing character: There is no ^^b4 in font cmtt10!
Missing character: There is no ^^b4 in font cmtt10!
Missing character: There is no ^^b4 in font cmtt10!
Missing character: There is no ^^b4 in font cmtt10!
Missing character: There is no ^^b4 in font cmtt10!
Missing character: There is no ^^b4 in font cmtt10!
Missing character: There is no ^^b4 in font cmtt10!
Missing character: There is no ^^b4 in font cmtt10!
Missing character: There is no ^^b4 in font cmtt10!
Missing character: There is no ^^b4 in font cmtt10!
Missing character: There is no ^^b4 in font cmtt10!
Missing character: There is no ^^b4 in font cmtt10!
Missing character: There is no ^^b4 in font cmtt10!
Missing character: There is no ^^b4 in font cmtt10!
Missing character: There is no ^^b4 in font cmtt10!
Missing character: There is no ^^b4 in font cmtt10!
Missing character: There is no ^^b4 in font cmtt10!
Missing character: There is no ^^b4 in font cmtt10!
Missing character: There is no ^^b4 in font cmtt10!
Missing character: There is no ^^b4 in font cmtt10!
Missing character: There is no ^^b4 in font cmtt10!
Missing character: There is no ^^b4 in font cmtt10!
Missing character: There is no ^^b4 in font cmtt10!
Missing character: There is no ^^b4 in font cmtt10!
Missing character: There is no ^^b4 in font cmtt10!
Missing character: There is no ^^b4 in font cmtt10!
Missing character: There is no ^^b4 in font cmtt10!
Missing character: There is no ^^b4 in font cmtt10!
Missing character: There is no ^^b4 in font cmtt10!
Missing character: There is no ^^b4 in font cmtt10!
Missing character: There is no ^^b4 in font cmtt10!
Missing character: There is no ^^b4 in font cmtt10!
Missing character: There is no ^^b4 in font cmtt10!
Missing character: There is no ^^b4 in font cmtt10!
Missing character: There is no ^^b4 in font cmtt10!
Missing character: There is no ^^b4 in font cmtt10!
Missing character: There is no ^^b4 in font cmtt10!
Missing character: There is no ^^b4 in font cmtt10!
Missing character: There is no ^^b4 in font cmtt10!
Missing character: There is no ^^b4 in font cmtt10!
Missing character: There is no ^^b4 in font cmtt10!
Missing character: There is no ^^b4 in font cmtt10!
Missing character: There is no ^^b4 in font cmtt10!
Missing character: There is no ^^b4 in font cmtt10!
Missing character: There is no ^^b4 in font cmtt10!
Missing character: There is no ^^b4 in font cmtt10!
Missing character: There is no ^^b4 in font cmtt10!
Missing character: There is no ^^b4 in font cmtt10!
Missing character: There is no ^^b4 in font cmtt10!
Missing character: There is no ^^b4 in font cmtt10!
Missing character: There is no ^^b4 in font cmtt10!
Missing character: There is no ^^b4 in font cmtt10!
Missing character: There is no ^^b4 in font cmtt10!
Missing character: There is no ^^b4 in font cmtt10!
Missing character: There is no ^^b4 in font cmtt10!
Missing character: There is no ^^b4 in font cmtt10!
Missing character: There is no ^^b4 in font cmtt10!
Missing character: There is no ^^b4 in font cmtt10!
Missing character: There is no ^^b4 in font cmtt10!
Missing character: There is no ^^b4 in font cmtt10!
Missing character: There is no ^^b4 in font cmtt10!
Missing character: There is no ^^b4 in font cmtt10!
Missing character: There is no ^^b4 in font cmtt10!
Missing character: There is no ^^b4 in font cmtt10!

[1] )
Output written on in-mat-web-js.dvi (1 page, 9092 bytes).
