This is pdfTeXk, Version 3.1415926-1.40.9 (Web2C 7.5.7) (format=latex 2008.10.4)  13 NOV 2008 21:30
entering extended mode
 %&-line parsing enabled.
**le2.tex
(./le2.tex
LaTeX2e <2005/12/01>
Babel <v3.8l> and hyphenation patterns for english, usenglishmax, dumylang, noh
yphenation, german-x-2008-06-18, ngerman-x-2008-06-18, czech, german, ngerman, 
slovak, ukenglish, loaded.
(/opt/texlive2008/texmf-dist/tex/latex/base/article.cls
Document Class: article 2005/09/16 v1.4f Standard LaTeX document class
(/opt/texlive2008/texmf-dist/tex/latex/base/size10.clo
File: size10.clo 2005/09/16 v1.4f Standard LaTeX file (size option)
)
\c@part=\count79
\c@section=\count80
\c@subsection=\count81
\c@subsubsection=\count82
\c@paragraph=\count83
\c@subparagraph=\count84
\c@figure=\count85
\c@table=\count86
\abovecaptionskip=\skip41
\belowcaptionskip=\skip42
\bibindent=\dimen102
)
(/opt/texlive2008/texmf-dist/tex/latex/hvmath/hvmaths.sty
Package: hvmaths 2004/02/01 v1.5 (WaS/MicroPress)

(/opt/texlive2008/texmf-dist/tex/latex/graphics/keyval.sty
Package: keyval 1999/03/16 v1.13 key=value parser (DPC)
\KV@toks@=\toks14
)
LaTeX Font Info:    Try loading font information for OT1+hvr on input line 87.

(/opt/texlive2008/texmf-dist/tex/latex/hvmath/ot1hvr.fd
File: ot1hvr.fd 2001/05/18 v1.5 LaTeX HV Roman font definition (OT1 encoding)
)
LaTeX Font Info:    Redeclaring symbol font `operators' on input line 89.
LaTeX Font Info:    Overwriting symbol font `operators' in version `normal'
(Font)                  OT1/cmr/m/n --> OT1/hvr/m/n on input line 89.
LaTeX Font Info:    Overwriting symbol font `operators' in version `bold'
(Font)                  OT1/cmr/bx/n --> OT1/hvr/m/n on input line 89.
LaTeX Font Info:    Redeclaring symbol font `letters' on input line 90.
LaTeX Font Info:    Overwriting symbol font `letters' in version `normal'
(Font)                  OML/cmm/m/it --> OML/hvm/m/it on input line 90.
LaTeX Font Info:    Overwriting symbol font `letters' in version `bold'
(Font)                  OML/cmm/b/it --> OML/hvm/m/it on input line 90.
LaTeX Font Info:    Redeclaring symbol font `symbols' on input line 91.
LaTeX Font Info:    Overwriting symbol font `symbols' in version `normal'
(Font)                  OMS/cmsy/m/n --> OMS/hvsy/m/n on input line 91.
LaTeX Font Info:    Overwriting symbol font `symbols' in version `bold'
(Font)                  OMS/cmsy/b/n --> OMS/hvsy/m/n on input line 91.
LaTeX Font Info:    Redeclaring symbol font `largesymbols' on input line 92.
LaTeX Font Info:    Overwriting symbol font `largesymbols' in version `normal'
(Font)                  OMX/cmex/m/n --> OMX/hvex/m/n on input line 92.
LaTeX Font Info:    Overwriting symbol font `largesymbols' in version `bold'
(Font)                  OMX/cmex/m/n --> OMX/hvex/m/n on input line 92.
LaTeX Font Info:    Overwriting symbol font `operators' in version `bold'
(Font)                  OT1/hvr/m/n --> OT1/hvr/bx/n on input line 93.
LaTeX Font Info:    Overwriting symbol font `letters' in version `bold'
(Font)                  OML/hvm/m/it --> OML/hvm/b/it on input line 94.
LaTeX Font Info:    Overwriting symbol font `symbols' in version `bold'
(Font)                  OMS/hvsy/m/n --> OMS/hvsy/b/n on input line 95.
LaTeX Font Info:    Redeclaring math alphabet \mathbf on input line 96.
LaTeX Font Info:    Overwriting math alphabet `\mathbf' in version `normal'
(Font)                  OT1/cmr/bx/n --> OT1/hvr/bx/n on input line 96.
LaTeX Font Info:    Overwriting math alphabet `\mathbf' in version `bold'
(Font)                  OT1/cmr/bx/n --> OT1/hvr/bx/n on input line 96.
LaTeX Font Info:    Redeclaring math alphabet \mathit on input line 97.
LaTeX Font Info:    Overwriting math alphabet `\mathit' in version `normal'
(Font)                  OT1/cmr/m/it --> OT1/hvr/m/it on input line 97.
LaTeX Font Info:    Overwriting math alphabet `\mathit' in version `bold'
(Font)                  OT1/cmr/bx/it --> OT1/hvr/m/it on input line 97.
LaTeX Font Info:    Overwriting math alphabet `\mathit' in version `bold'
(Font)                  OT1/hvr/m/it --> OT1/hvr/bx/it on input line 98.
LaTeX Font Info:    Redeclaring math symbol \hbar on input line 99.
LaTeX Font Info:    Redeclaring math symbol \alpha on input line 101.
LaTeX Font Info:    Redeclaring math symbol \beta on input line 102.
LaTeX Font Info:    Redeclaring math symbol \gamma on input line 103.
LaTeX Font Info:    Redeclaring math symbol \delta on input line 104.
LaTeX Font Info:    Redeclaring math symbol \epsilon on input line 105.
LaTeX Font Info:    Redeclaring math symbol \zeta on input line 106.
LaTeX Font Info:    Redeclaring math symbol \eta on input line 107.
LaTeX Font Info:    Redeclaring math symbol \theta on input line 108.
LaTeX Font Info:    Redeclaring math symbol \iota on input line 109.
LaTeX Font Info:    Redeclaring math symbol \kappa on input line 110.
LaTeX Font Info:    Redeclaring math symbol \lambda on input line 111.
LaTeX Font Info:    Redeclaring math symbol \mu on input line 112.
LaTeX Font Info:    Redeclaring math symbol \nu on input line 113.
LaTeX Font Info:    Redeclaring math symbol \xi on input line 114.
LaTeX Font Info:    Redeclaring math symbol \pi on input line 115.
LaTeX Font Info:    Redeclaring math symbol \rho on input line 116.
LaTeX Font Info:    Redeclaring math symbol \sigma on input line 117.
LaTeX Font Info:    Redeclaring math symbol \tau on input line 118.
LaTeX Font Info:    Redeclaring math symbol \upsilon on input line 119.
LaTeX Font Info:    Redeclaring math symbol \phi on input line 120.
LaTeX Font Info:    Redeclaring math symbol \chi on input line 121.
LaTeX Font Info:    Redeclaring math symbol \psi on input line 122.
LaTeX Font Info:    Redeclaring math symbol \omega on input line 123.
LaTeX Font Info:    Redeclaring math symbol \varepsilon on input line 124.
LaTeX Font Info:    Redeclaring math symbol \vartheta on input line 125.
LaTeX Font Info:    Redeclaring math symbol \varpi on input line 126.
LaTeX Font Info:    Redeclaring math symbol \varphi on input line 127.
LaTeX Font Info:    Redeclaring math symbol \varrho on input line 128.
LaTeX Font Info:    Redeclaring math symbol \varsigma on input line 129.
\symupright=\mathgroup4
LaTeX Font Info:    Overwriting symbol font `upright' in version `bold'
(Font)                  U/hvrmex/m/n --> U/hvrmex/b/n on input line 158.
)
(/opt/texlive2008/texmf-dist/tex/latex/psnfss/helvet.sty
Package: helvet 2005/04/12 PSNFSS-v9.2a (WaS) 
)
(/opt/texlive2008/texmf-dist/tex/generic/babel/babel.sty
Package: babel 2008/07/06 v3.8l The Babel package

(/opt/texlive2008/texmf-dist/tex/generic/babel/czech.ldf
Language: czech 2008/07/06 v3.1a Czech support from the babel system

(/opt/texlive2008/texmf-dist/tex/generic/babel/babel.def
File: babel.def 2008/07/06 v3.8l Babel common definitions
\babel@savecnt=\count87
\U@D=\dimen103
)
Package babel Info: Making " an active character on input line 172.
\cs@wordlen=\count88
Package babel Info: Making - an active character on input line 226.
))
(/opt/texlive2008/texmf-dist/tex/latex/base/fontenc.sty
Package: fontenc 2005/09/27 v1.99g Standard LaTeX package

(/opt/texlive2008/texmf-dist/tex/latex/cslatex/il2enc.def
File: il2enc.def 1997/08/20 CSLaTeX
)
LaTeX Font Info:    Try loading font information for IL2+hvr on input line 100.

LaTeX Font Info:    No file IL2hvr.fd. on input line 100.


LaTeX Font Warning: Font shape `IL2/hvr/m/n' undefined
(Font)              using `IL2/cmr/m/n' instead on input line 100.

LaTeX Font Info:    Try loading font information for IL2+cmr on input line 100.

(/opt/texlive2008/texmf-dist/tex/latex/cslatex/il2cmr.fd
File: il2cmr.fd 1997/02/06 CSLaTeX font definitions
)) (./fig.tex
\boxrulewidth=\dimen104
\boxborderwidth=\dimen105
\mgversion=\count89
\pswidth=\count90
\psheight=\count91
\justx=\count92
\justy=\count93
\vpos=\count94
\LABEL=\toks15
\labelfile=\read1
\xcoord=\count95
\ycoord=\count96
\labox=\box26
\textsize=\dimen106
\rightfigwidth=\count97
\leftfigwidth=\count98
)
(/opt/texlive2008/texmf-dist/tex/latex/geometry/geometry.sty
Package: geometry 2002/07/08 v3.2 Page Geometry
\Gm@cnth=\count99
\Gm@cntv=\count100
\c@Gm@tempcnt=\count101
\Gm@bindingoffset=\dimen107
\Gm@wd@mp=\dimen108
\Gm@odd@mp=\dimen109
\Gm@even@mp=\dimen110
\Gm@dimlist=\toks16

(/opt/texlive2008/texmf-dist/tex/xelatex/xetexconfig/geometry.cfg)) (./le2.aux)
\openout1 = `le2.aux'.

LaTeX Font Info:    Checking defaults for OML/cmm/m/it on input line 13.
LaTeX Font Info:    ... okay on input line 13.
LaTeX Font Info:    Checking defaults for T1/cmr/m/n on input line 13.
LaTeX Font Info:    ... okay on input line 13.
LaTeX Font Info:    Checking defaults for OT1/cmr/m/n on input line 13.
LaTeX Font Info:    ... okay on input line 13.
LaTeX Font Info:    Checking defaults for OMS/cmsy/m/n on input line 13.
LaTeX Font Info:    ... okay on input line 13.
LaTeX Font Info:    Checking defaults for OMX/cmex/m/n on input line 13.
LaTeX Font Info:    ... okay on input line 13.
LaTeX Font Info:    Checking defaults for U/cmr/m/n on input line 13.
LaTeX Font Info:    ... okay on input line 13.
LaTeX Font Info:    Checking defaults for IL2/cmr/m/n on input line 13.
LaTeX Font Info:    ... okay on input line 13.
LaTeX Font Info:    Try loading font information for IL2+phv on input line 13.
(/opt/texlive2008/texmf-dist/tex/cslatex/base/il2phv.fd
File: il2phv.fd 1998/12/27 CS Helvetica
LaTeX Font Info:     CS Helvetica on input line 2.
LaTeX Font Info:    (C) Z. Wagner,1998/12/27 on input line 3.
LaTeX Font Info:    Created by CsPsFont utility v.1.0f (C) Z. Wagner, 1998/12/2
7 on input line 4.
)
-------------------- Geometry parameters
paper: class default
landscape: --
twocolumn: --
twoside: --
asymmetric: --
h-parts: 0.0pt, 614.295pt, 0.0pt
v-parts: 0.0pt, 794.96999pt, 0.0pt
hmarginratio: --
vmarginratio: --
lines: --
heightrounded: --
bindingoffset: 0.0pt
truedimen: --
includehead: --
includefoot: --
includemp: --
driver: 
-------------------- Page layout dimensions and switches
\paperwidth  614.295pt
\paperheight 794.96999pt
\textwidth  614.295pt
\textheight 794.96999pt
\oddsidemargin  -72.26999pt
\evensidemargin -72.26999pt
\topmargin  -109.26999pt
\headheight 12.0pt
\headsep    25.0pt
\footskip   30.0pt
\marginparwidth 65.0pt
\marginparsep   11.0pt
\columnsep  10.0pt
\skip\footins  9.0pt plus 4.0pt minus 2.0pt
\hoffset 0.0pt
\voffset 0.0pt
\mag 1000

(1in=72.27pt, 1cm=28.45pt)
-----------------------
 le2prom
LaTeX Font Info:    Try loading font information for OML+hvm on input line 15.

(/opt/texlive2008/texmf-dist/tex/latex/hvmath/omlhvm.fd
File: omlhvm.fd 2001/05/18 v1.5 LaTeX HV math font definition (OML encoding)
)
LaTeX Font Info:    Try loading font information for OMS+hvsy on input line 15.


(/opt/texlive2008/texmf-dist/tex/latex/hvmath/omshvsy.fd
File: omshvsy.fd 2001/05/18 v1.5 LaTeX HV math symbol font definition (OMS enco
ding)
)
LaTeX Font Info:    Try loading font information for OMX+hvex on input line 15.


(/opt/texlive2008/texmf-dist/tex/latex/hvmath/omxhvex.fd
File: omxhvex.fd 2001/05/18 v1.5 LaTeX HV math extended symbol font definition 
(OMX encoding)
) [1

] (./le2.aux)

LaTeX Font Warning: Some font shapes were not available, defaults substituted.

 ) 
Here is how much of TeX's memory you used:
 1608 strings out of 494979
 19249 string characters out of 1179403
 69072 words of memory out of 3000000
 4807 multiletter control sequences out of 10000+50000
 16369 words of font info for 49 fonts, out of 3000000 for 5000
 46 hyphenation exceptions out of 8191
 24i,4n,32p,202b,116s stack positions out of 5000i,500n,10000p,200000b,50000s

Output written on le2.dvi (1 page, 592 bytes).
