This is pdfTeXk, Version 3.1415926-1.40.9 (Web2C 7.5.7) (format=pdflatex 2008.10.4)  14 NOV 2008 08:11
entering extended mode
 %&-line parsing enabled.
**in-mat-screen-pdflatex.tex
(./in-mat-screen-pdflatex.tex
LaTeX2e <2005/12/01>
Babel <v3.8l> and hyphenation patterns for english, usenglishmax, dumylang, noh
yphenation, german-x-2008-06-18, ngerman-x-2008-06-18, czech, german, ngerman, 
latin, slovak, ukenglish, loaded.
(/home.ldf/marik/texlive2008/texmf-dist/tex/latex/base/report.cls
Document Class: report 2005/09/16 v1.4f Standard LaTeX document class
(/home.ldf/marik/texlive2008/texmf-dist/tex/latex/base/size10.clo
File: size10.clo 2005/09/16 v1.4f Standard LaTeX file (size option)
)
\c@part=\count79
\c@chapter=\count80
\c@section=\count81
\c@subsection=\count82
\c@subsubsection=\count83
\c@paragraph=\count84
\c@subparagraph=\count85
\c@figure=\count86
\c@table=\count87
\abovecaptionskip=\skip41
\belowcaptionskip=\skip42
\bibindent=\dimen102
)
(/home/marik/.TeX/acrotex/web.sty
Package: web 2007/06/11 v4.0f Web: A Screen Design Package (dps)
 (/home/marik/.TeX/acrotex/web.cfg)
(/home.ldf/marik/texlive2008/texmf-dist/tex/latex/xcolor/xcolor.sty
Package: xcolor 2007/01/21 v2.11 LaTeX color extensions (UK)

(/home.ldf/marik/texlive2008/texmf/tex/latex/config/color.cfg
File: color.cfg 2007/01/18 v1.5 color configuration of teTeX/TeXLive
)
Package xcolor Info: Driver file: pdftex.def on input line 225.

(/home.ldf/marik/texlive2008/texmf-dist/tex/latex/pdftex-def/pdftex.def
File: pdftex.def 2008/09/08 v0.04l Graphics/color for pdfTeX
\Gread@gobject=\count88
)
Package xcolor Info: Model `cmy' substituted by `cmy0' on input line 1337.
Package xcolor Info: Model `hsb' substituted by `rgb' on input line 1341.
Package xcolor Info: Model `RGB' extended on input line 1353.
Package xcolor Info: Model `HTML' substituted by `rgb' on input line 1355.
Package xcolor Info: Model `Hsb' substituted by `hsb' on input line 1356.
Package xcolor Info: Model `tHsb' substituted by `hsb' on input line 1357.
Package xcolor Info: Model `HSB' substituted by `hsb' on input line 1358.
Package xcolor Info: Model `Gray' substituted by `gray' on input line 1359.
Package xcolor Info: Model `wave' substituted by `hsb' on input line 1360.
)
(/home.ldf/marik/texlive2008/texmf-dist/tex/latex/tools/calc.sty
Package: calc 2005/08/06 v4.2 Infix arithmetic (KKT,FJ)
\calc@Acount=\count89
\calc@Bcount=\count90
\calc@Adimen=\dimen103
\calc@Bdimen=\dimen104
\calc@Askip=\skip43
\calc@Bskip=\skip44
LaTeX Info: Redefining \setlength on input line 75.
LaTeX Info: Redefining \addtolength on input line 76.
\calc@Ccount=\count91
\calc@Cskip=\skip45
)
(/home.ldf/marik/texlive2008/texmf-dist/tex/latex/amsfonts/amssymb.sty
Package: amssymb 2002/01/22 v2.2d

(/home.ldf/marik/texlive2008/texmf-dist/tex/latex/amsfonts/amsfonts.sty
Package: amsfonts 2001/10/25 v2.2f
\@emptytoks=\toks14
\symAMSa=\mathgroup4
\symAMSb=\mathgroup5
LaTeX Font Info:    Overwriting math alphabet `\mathfrak' in version `bold'
(Font)                  U/euf/m/n --> U/euf/b/n on input line 132.
))
(/home.ldf/marik/texlive2008/texmf-dist/tex/latex/hyperref/hyperref.sty
Package: hyperref 2008/09/27 v6.78k Hypertext links for LaTeX

(/home.ldf/marik/texlive2008/texmf-dist/tex/latex/graphics/keyval.sty
Package: keyval 1999/03/16 v1.13 key=value parser (DPC)
\KV@toks@=\toks15
)
(/home.ldf/marik/texlive2008/texmf-dist/tex/generic/oberdiek/ifpdf.sty
Package: ifpdf 2007/12/12 v1.6 Provides the ifpdf switch (HO)
Package ifpdf Info: pdfTeX in pdf mode detected.
)
(/home.ldf/marik/texlive2008/texmf-dist/tex/generic/oberdiek/ifvtex.sty
Package: ifvtex 2007/09/09 v1.3 Switches for detecting VTeX and its modes (HO)
Package ifvtex Info: VTeX not detected.
)
(/home.ldf/marik/texlive2008/texmf-dist/tex/generic/ifxetex/ifxetex.sty
Package: ifxetex 2008/09/18 v0.4 Provides ifxetex conditional
)
(/home.ldf/marik/texlive2008/texmf-dist/tex/latex/oberdiek/hycolor.sty
Package: hycolor 2008/09/08 v1.4 Code for color options of hyperref/bookmark (H
O)

(/home.ldf/marik/texlive2008/texmf-dist/tex/latex/oberdiek/xcolor-patch.sty
Package: xcolor-patch 2008/09/08 xcolor patch
))
\@linkdim=\dimen105
\Hy@linkcounter=\count92
\Hy@pagecounter=\count93

(/home.ldf/marik/texlive2008/texmf-dist/tex/latex/hyperref/pd1enc.def
File: pd1enc.def 2008/09/27 v6.78k Hyperref: PDFDocEncoding definition (HO)
)
(/home.ldf/marik/texlive2008/texmf-dist/tex/generic/oberdiek/etexcmds.sty
Package: etexcmds 2007/12/12 v1.2 Prefix for e-TeX command names (HO)

(/home.ldf/marik/texlive2008/texmf-dist/tex/generic/oberdiek/infwarerr.sty
Package: infwarerr 2007/09/09 v1.2 Providing info/warning/message (HO)
)
Package etexcmds Info: Could not find \expanded.
(etexcmds)             That can mean that you are not using pdfTeX 1.50 or
(etexcmds)             that some package has redefined \expanded.
(etexcmds)             In the latter case, load this package earlier.
)
(/home.ldf/marik/texlive2008/texmf/tex/latex/config/hyperref.cfg
File: hyperref.cfg 2002/06/06 v1.2 hyperref configuration of TeXLive
)
(/home.ldf/marik/texlive2008/texmf-dist/tex/latex/oberdiek/kvoptions.sty
Package: kvoptions 2007/10/18 v3.0 Keyval support for LaTeX options (HO)
)
Package hyperref Info: Option `bookmarks' set `true' on input line 2782.
Package hyperref Info: Option `bookmarksnumbered' set `true' on input line 2782
.
Package hyperref Info: Option `bookmarksopen' set `true' on input line 2782.
Package hyperref Info: Option `colorlinks' set `true' on input line 2782.


Package hyperref Warning: Values of option `pdfpagemode':
(hyperref)                * `UseNone'
(hyperref)                * `UseOutlines'
(hyperref)                * `UseThumbs'
(hyperref)                * `FullScreen'
(hyperref)                * `UseOC' (PDF 1.5)
(hyperref)                * `UseAttachments' (PDF 1.6)
(hyperref)                * An empty value disables the option.
(hyperref)                Unknown value `None' on input line 2782.

Package hyperref Info: Hyper figures OFF on input line 2893.
Package hyperref Info: Link nesting OFF on input line 2898.
Package hyperref Info: Hyper index ON on input line 2901.
Package hyperref Info: Plain pages OFF on input line 2908.
Package hyperref Info: Backreferencing ON on input line 2911.
Implicit mode ON; LaTeX internals redefined
Package hyperref Info: Bookmarks ON on input line 3103.
(/home.ldf/marik/texlive2008/texmf-dist/tex/latex/hyperref/backref.sty
Package: backref 2006/09/05 v1.28 Bibliographical back referencing
)
(/home.ldf/marik/texlive2008/texmf-dist/tex/latex/ltxmisc/url.sty
\Urlmuskip=\muskip10
Package: url 2006/04/12  ver 3.3  Verb mode for urls, etc.
)
LaTeX Info: Redefining \url on input line 3337.

(/home.ldf/marik/texlive2008/texmf-dist/tex/generic/oberdiek/bitset.sty
Package: bitset 2007/09/28 v1.0 Data type bit set (HO)

(/home.ldf/marik/texlive2008/texmf-dist/tex/generic/oberdiek/intcalc.sty
Package: intcalc 2007/09/27 v1.1 Expandable integer calculations (HO)
)
(/home.ldf/marik/texlive2008/texmf-dist/tex/generic/oberdiek/bigintcalc.sty
Package: bigintcalc 2007/11/11 v1.1 Expandable big integer calculations (HO)

(/home.ldf/marik/texlive2008/texmf-dist/tex/generic/oberdiek/pdftexcmds.sty
Package: pdftexcmds 2007/12/12 v0.3 LuaTeX support for pdfTeX utility functions
 (HO)
Package pdftexcmds Info: LuaTeX not detected on input line 139.
)))
(/home.ldf/marik/texlive2008/texmf-dist/tex/generic/oberdiek/kvsetkeys.sty
Package: kvsetkeys 2007/09/29 v1.3 Key value parser with default handler suppor
t (HO)
)
\Fld@menulength=\count94
\Field@Width=\dimen106
\Fld@charsize=\dimen107
\Field@toks=\toks16
Package hyperref Info: Hyper figures OFF on input line 4254.
Package hyperref Info: Link nesting OFF on input line 4259.
Package hyperref Info: Hyper index ON on input line 4262.
Package hyperref Info: backreferencing ON on input line 4267.
Package hyperref Info: Link coloring ON on input line 4272.
Package hyperref Info: Link coloring with OCG OFF on input line 4279.
Package hyperref Info: PDF/A mode OFF on input line 4284.

(/home.ldf/marik/texlive2008/texmf-dist/tex/generic/oberdiek/atbegshi.sty
Package: atbegshi 2008/07/31 v1.9 At begin shipout hook (HO)
)
\Hy@abspage=\count95
\c@Item=\count96
\c@Hfootnote=\count97
)
*hyperref using driver hpdftex*
(/home.ldf/marik/texlive2008/texmf-dist/tex/latex/hyperref/hpdftex.def
File: hpdftex.def 2008/09/27 v6.78k Hyperref driver for pdfTeX
\Fld@listcount=\count98
)
(/home.ldf/marik/texlive2008/texmf-dist/tex/latex/comment/comment.sty
\CommentStream=\write3

Excluding comment 'comment')
(/home.ldf/marik/texlive2008/texmf-dist/tex/latex/graphics/graphicx.sty
Package: graphicx 1999/02/16 v1.0f Enhanced LaTeX Graphics (DPC,SPQR)

(/home.ldf/marik/texlive2008/texmf-dist/tex/latex/graphics/graphics.sty
Package: graphics 2006/02/20 v1.0o Standard LaTeX Graphics (DPC,SPQR)

(/home.ldf/marik/texlive2008/texmf-dist/tex/latex/graphics/trig.sty
Package: trig 1999/03/16 v1.09 sin cos tan (DPC)
)
(/home.ldf/marik/texlive2008/texmf/tex/latex/config/graphics.cfg
File: graphics.cfg 2007/01/18 v1.5 graphics configuration of teTeX/TeXLive
)
Package graphics Info: Driver file: pdftex.def on input line 90.
)
\Gin@req@height=\dimen108
\Gin@req@width=\dimen109
)
(/home.ldf/marik/texlive2008/texmf-dist/tex/latex/eso-pic/eso-pic.sty
Package: eso-pic 2006/07/14 v1.1d eso-pic (RN)

(/home.ldf/marik/texlive2008/texmf-dist/tex/latex/ms/everyshi.sty
Package: everyshi 2001/05/15 v3.00 EveryShipout Package (MS)
))
\textscreenwidth=\skip46
\@panelwidth=\skip47
\@Leftmargin=\dimen110
\@Rightmargin=\dimen111
\@Bottommargin=\dimen112
\@Topmargin=\dimen113
\web@Topmargin=\dimen114
)
(/home/marik/.TeX/acrotex/eforms.sty
Package: eforms 2007/09/12 v1.0d Provides general eForms support (dps)
 (/home/marik/.TeX/acrotex/insdljs.sty
Package: insdljs 2006/10/03 v2.0h Insert Document Level JavaScripts (dps)

(/home.ldf/marik/texlive2008/texmf-dist/tex/latex/tools/verbatim.sty
Package: verbatim 2003/08/22 v1.5q LaTeX2e package for verbatim enhancements
\every@verbatim=\toks17
\verbatim@line=\toks18
\verbatim@in@stream=\read1
)
\js@verbatim@out=\write4
\c@dljs@cnt=\count99
\c@dljssegs=\count100
\JStoks=\toks19
\importfdftoks=\toks20
\dljsobjtoks=\toks21
)
\eq@tmpbox=\box26
\eq@tmpdima=\dimen115
\eqcenterWidget=\dimen116

(/home/marik/.TeX/acrotex/epdftex.def))
(/home/marik/.TeX/fancytooltips/fancytooltips.sty
Package: fancytooltips 2007/05/08 v1.3 fancytooltips.dtx file

(/home.ldf/marik/texlive2008/texmf-dist/tex/latex/xkeyval/xkeyval.sty
Package: xkeyval 2008/08/13 v2.6a package option processing (HA)

(/home.ldf/marik/texlive2008/texmf-dist/tex/generic/xkeyval/xkeyval.tex
\XKV@toks=\toks22
\XKV@tempa@toks=\toks23
\XKV@depth=\count101
File: xkeyval.tex 2008/08/13 v2.6a key=value parser (HA)
))
\buttontipwidth=\dimen117
\buttontipheight=\dimen118
\openout4 = `Tooltipsdljs.djs'.

\tooltip@count=\count102
)
(/home.ldf/marik/texlive2008/texmf-dist/tex/latex/hvmath/hvmaths.sty
Package: hvmaths 2004/02/01 v1.5 (WaS/MicroPress)
LaTeX Font Info:    Try loading font information for OT1+hvr on input line 87.

(/home.ldf/marik/texlive2008/texmf-dist/tex/latex/hvmath/ot1hvr.fd
File: ot1hvr.fd 2001/05/18 v1.5 LaTeX HV Roman font definition (OT1 encoding)
)
LaTeX Font Info:    Redeclaring symbol font `operators' on input line 89.
LaTeX Font Info:    Overwriting symbol font `operators' in version `normal'
(Font)                  OT1/cmr/m/n --> OT1/hvr/m/n on input line 89.
LaTeX Font Info:    Overwriting symbol font `operators' in version `bold'
(Font)                  OT1/cmr/bx/n --> OT1/hvr/m/n on input line 89.
LaTeX Font Info:    Redeclaring symbol font `letters' on input line 90.
LaTeX Font Info:    Overwriting symbol font `letters' in version `normal'
(Font)                  OML/cmm/m/it --> OML/hvm/m/it on input line 90.
LaTeX Font Info:    Overwriting symbol font `letters' in version `bold'
(Font)                  OML/cmm/b/it --> OML/hvm/m/it on input line 90.
LaTeX Font Info:    Redeclaring symbol font `symbols' on input line 91.
LaTeX Font Info:    Overwriting symbol font `symbols' in version `normal'
(Font)                  OMS/cmsy/m/n --> OMS/hvsy/m/n on input line 91.
LaTeX Font Info:    Overwriting symbol font `symbols' in version `bold'
(Font)                  OMS/cmsy/b/n --> OMS/hvsy/m/n on input line 91.
LaTeX Font Info:    Redeclaring symbol font `largesymbols' on input line 92.
LaTeX Font Info:    Overwriting symbol font `largesymbols' in version `normal'
(Font)                  OMX/cmex/m/n --> OMX/hvex/m/n on input line 92.
LaTeX Font Info:    Overwriting symbol font `largesymbols' in version `bold'
(Font)                  OMX/cmex/m/n --> OMX/hvex/m/n on input line 92.
LaTeX Font Info:    Overwriting symbol font `operators' in version `bold'
(Font)                  OT1/hvr/m/n --> OT1/hvr/bx/n on input line 93.
LaTeX Font Info:    Overwriting symbol font `letters' in version `bold'
(Font)                  OML/hvm/m/it --> OML/hvm/b/it on input line 94.
LaTeX Font Info:    Overwriting symbol font `symbols' in version `bold'
(Font)                  OMS/hvsy/m/n --> OMS/hvsy/b/n on input line 95.
LaTeX Font Info:    Redeclaring math alphabet \mathbf on input line 96.
LaTeX Font Info:    Overwriting math alphabet `\mathbf' in version `normal'
(Font)                  OT1/cmr/bx/n --> OT1/hvr/bx/n on input line 96.
LaTeX Font Info:    Overwriting math alphabet `\mathbf' in version `bold'
(Font)                  OT1/cmr/bx/n --> OT1/hvr/bx/n on input line 96.
LaTeX Font Info:    Redeclaring math alphabet \mathit on input line 97.
LaTeX Font Info:    Overwriting math alphabet `\mathit' in version `normal'
(Font)                  OT1/cmr/m/it --> OT1/hvr/m/it on input line 97.
LaTeX Font Info:    Overwriting math alphabet `\mathit' in version `bold'
(Font)                  OT1/cmr/bx/it --> OT1/hvr/m/it on input line 97.
LaTeX Font Info:    Overwriting math alphabet `\mathit' in version `bold'
(Font)                  OT1/hvr/m/it --> OT1/hvr/bx/it on input line 98.
LaTeX Font Info:    Redeclaring math symbol \hbar on input line 99.
LaTeX Font Info:    Redeclaring math symbol \alpha on input line 101.
LaTeX Font Info:    Redeclaring math symbol \beta on input line 102.
LaTeX Font Info:    Redeclaring math symbol \gamma on input line 103.
LaTeX Font Info:    Redeclaring math symbol \delta on input line 104.
LaTeX Font Info:    Redeclaring math symbol \epsilon on input line 105.
LaTeX Font Info:    Redeclaring math symbol \zeta on input line 106.
LaTeX Font Info:    Redeclaring math symbol \eta on input line 107.
LaTeX Font Info:    Redeclaring math symbol \theta on input line 108.
LaTeX Font Info:    Redeclaring math symbol \iota on input line 109.
LaTeX Font Info:    Redeclaring math symbol \kappa on input line 110.
LaTeX Font Info:    Redeclaring math symbol \lambda on input line 111.
LaTeX Font Info:    Redeclaring math symbol \mu on input line 112.
LaTeX Font Info:    Redeclaring math symbol \nu on input line 113.
LaTeX Font Info:    Redeclaring math symbol \xi on input line 114.
LaTeX Font Info:    Redeclaring math symbol \pi on input line 115.
LaTeX Font Info:    Redeclaring math symbol \rho on input line 116.
LaTeX Font Info:    Redeclaring math symbol \sigma on input line 117.
LaTeX Font Info:    Redeclaring math symbol \tau on input line 118.
LaTeX Font Info:    Redeclaring math symbol \upsilon on input line 119.
LaTeX Font Info:    Redeclaring math symbol \phi on input line 120.
LaTeX Font Info:    Redeclaring math symbol \chi on input line 121.
LaTeX Font Info:    Redeclaring math symbol \psi on input line 122.
LaTeX Font Info:    Redeclaring math symbol \omega on input line 123.
LaTeX Font Info:    Redeclaring math symbol \varepsilon on input line 124.
LaTeX Font Info:    Redeclaring math symbol \vartheta on input line 125.
LaTeX Font Info:    Redeclaring math symbol \varpi on input line 126.
LaTeX Font Info:    Redeclaring math symbol \varphi on input line 127.
LaTeX Font Info:    Redeclaring math symbol \varrho on input line 128.
LaTeX Font Info:    Redeclaring math symbol \varsigma on input line 129.
\symupright=\mathgroup6
LaTeX Font Info:    Overwriting symbol font `upright' in version `bold'
(Font)                  U/hvrmex/m/n --> U/hvrmex/b/n on input line 158.
)
(/home.ldf/marik/texlive2008/texmf-dist/tex/latex/psnfss/helvet.sty
Package: helvet 2005/04/12 PSNFSS-v9.2a (WaS) 
)
(/home.ldf/marik/texlive2008/texmf-dist/tex/generic/babel/babel.sty
Package: babel 2008/07/06 v3.8l The Babel package

(/home.ldf/marik/texlive2008/texmf-dist/tex/generic/babel/czech.ldf
Language: czech 2008/07/06 v3.1a Czech support from the babel system

(/home.ldf/marik/texlive2008/texmf-dist/tex/generic/babel/babel.def
File: babel.def 2008/07/06 v3.8l Babel common definitions
\babel@savecnt=\count103
\U@D=\dimen119
)
Package babel Info: Making " an active character on input line 172.
\cs@wordlen=\count104
Package babel Info: Making - an active character on input line 226.
))
(/home.ldf/marik/texlive2008/texmf-dist/tex/latex/base/fontenc.sty
Package: fontenc 2005/09/27 v1.99g Standard LaTeX package

(/home.ldf/marik/texlive2008/texmf-dist/tex/latex/cslatex/il2enc.def
File: il2enc.def 1997/08/20 CSLaTeX
)
LaTeX Font Info:    Try loading font information for IL2+hvr on input line 100.

LaTeX Font Info:    No file IL2hvr.fd. on input line 100.


LaTeX Font Warning: Font shape `IL2/hvr/m/n' undefined
(Font)              using `IL2/cmr/m/n' instead on input line 100.

LaTeX Font Info:    Try loading font information for IL2+cmr on input line 100.

(/home.ldf/marik/texlive2008/texmf-dist/tex/latex/cslatex/il2cmr.fd
File: il2cmr.fd 1997/02/06 CSLaTeX font definitions
))
\ttpcount=\count105
\ttpaction=\count106
\ttpactiontoks=\toks24


Package hyperref Warning: Option `bookmarks' has already been used,
(hyperref)                setting the option has no effect on input line 237.

(/home.ldf/marik/texlive2008/texmf-dist/tex/latex/amsmath/amsmath.sty
Package: amsmath 2000/07/18 v2.13 AMS math features
\@mathmargin=\skip48

For additional information on amsmath, use the `?' option.
(/home.ldf/marik/texlive2008/texmf-dist/tex/latex/amsmath/amstext.sty
Package: amstext 2000/06/29 v2.01

(/home.ldf/marik/texlive2008/texmf-dist/tex/latex/amsmath/amsgen.sty
File: amsgen.sty 1999/11/30 v2.0
\@emptytoks=\toks25
\ex@=\dimen120
))
(/home.ldf/marik/texlive2008/texmf-dist/tex/latex/amsmath/amsbsy.sty
Package: amsbsy 1999/11/29 v1.2d
\pmbraise@=\dimen121
)
(/home.ldf/marik/texlive2008/texmf-dist/tex/latex/amsmath/amsopn.sty
Package: amsopn 1999/12/14 v2.01 operator names
)
\inf@bad=\count107
LaTeX Info: Redefining \frac on input line 211.
\uproot@=\count108
\leftroot@=\count109
LaTeX Info: Redefining \overline on input line 307.
\classnum@=\count110
\DOTSCASE@=\count111
LaTeX Info: Redefining \ldots on input line 379.
LaTeX Info: Redefining \dots on input line 382.
LaTeX Info: Redefining \cdots on input line 467.
\Mathstrutbox@=\box27
\strutbox@=\box28
\big@size=\dimen122
LaTeX Font Info:    Redeclaring font encoding OML on input line 567.
LaTeX Font Info:    Redeclaring font encoding OMS on input line 568.
\macc@depth=\count112
\c@MaxMatrixCols=\count113
\dotsspace@=\muskip11
\c@parentequation=\count114
\dspbrk@lvl=\count115
\tag@help=\toks26
\row@=\count116
\column@=\count117
\maxfields@=\count118
\andhelp@=\toks27
\eqnshift@=\dimen123
\alignsep@=\dimen124
\tagshift@=\dimen125
\tagwidth@=\dimen126
\totwidth@=\dimen127
\lineht@=\dimen128
\@envbody=\toks28
\multlinegap=\skip49
\multlinetaggap=\skip50
\mathdisplay@stack=\toks29
LaTeX Info: Redefining \[ on input line 2666.
LaTeX Info: Redefining \] on input line 2667.
)
(/home.ldf/marik/texlive2008/texmf-dist/tex/latex/tools/bm.sty
Package: bm 2004/02/26 v1.1c Bold Symbol Support (DPC/FMi)
\symboldoperators=\mathgroup7
\symboldletters=\mathgroup8
\symboldsymbols=\mathgroup9
\symboldupright=\mathgroup10
LaTeX Font Info:    Redeclaring math alphabet \mathbf on input line 137.
LaTeX Info: Redefining \bm on input line 203.
)
(/home.ldf/marik/texlive2008/texmf-dist/tex/latex/mdwtools/mdwlist.sty
Package: mdwlist 1996/05/02 1.1 Various list-related things
)
(/home.ldf/marik/texlive2008/texmf-dist/tex/latex/multido/multido.sty
Package: multido 2004/05/17 package wrapper for PSTricks `multido.tex', (HV/RN)


(/home.ldf/marik/texlive2008/texmf-dist/tex/generic/multido/multido.tex
 v1.41, 2004/05/18 <tvz>
\multido@count=\count119
\multidocount=\count120
\multido@stuff=\toks30
)
File: multido.tex 2004/05/18 v1.41 `multido' (tvz)
)
(/home.ldf/marik/texlive2008/texmf-dist/tex/generic/mfpic/mfpic.sty
Package: mfpic 2006/05/26 v0.9. Macros for drawing with Metafont/MetaPost.

(/home.ldf/marik/texlive2008/texmf-dist/tex/generic/mfpic/mfpic.tex
\mfp@out=\write5
\mfp@graph=\read2
\mfp@count=\count121
\mfp@linetype=\count122
\mfp@sequence=\count123
\mfp@toks=\toks31
\mfp@verbtex=\toks32
\mfp@commonverbatimtex=\toks33
\mfp@fdc=\count124
\@wholegraph=\box29
\@textbox=\box30
\@alltlabels=\box31
\@backtext=\box32
\@tlabelstop=\fontdimen 23\mfp@dummy 
\@tlabelsbot=\fontdimen 24\mfp@dummy 
\@tlabelsleft=\fontdimen 25\mfp@dummy 
\@graphright=\fontdimen 26\mfp@dummy 
\@graphleft=\fontdimen 27\mfp@dummy 
\@graphtop=\fontdimen 28\mfp@dummy 
\@graphbot=\fontdimen 29\mfp@dummy 
\tb@raise=\fontdimen 30\mfp@dummy 
\tb@moveright=\fontdimen 31\mfp@dummy 
\tb@totalht=\fontdimen 32\mfp@dummy 
\tlabel@hadj=\fontdimen 33\mfp@dummy 
\tlabel@vadj=\fontdimen 34\mfp@dummy 
\tlabel@sep=\fontdimen 35\mfp@dummy 
\tlpath@sep=\fontdimen 36\mfp@dummy 
\mfpicunit=\fontdimen 37\mfp@dummy 
\@mfpicunit=\fontdimen 38\mfp@dummy 
\pointsize=\fontdimen 39\mfp@dummy 
\shadespace=\fontdimen 40\mfp@dummy 
\polkadotspace=\fontdimen 41\mfp@dummy 
\hatchspace=\fontdimen 42\mfp@dummy 
\headlen=\fontdimen 43\mfp@dummy 
\axisheadlen=\fontdimen 44\mfp@dummy 
\sideheadlen=\fontdimen 45\mfp@dummy 
\hashlen=\fontdimen 46\mfp@dummy 
\dashlen=\fontdimen 47\mfp@dummy 
\dashspace=\fontdimen 48\mfp@dummy 
\dotsize=\fontdimen 49\mfp@dummy 
\griddotsize=\fontdimen 50\mfp@dummy 
\dotspace=\fontdimen 51\mfp@dummy 
\symbolspace=\fontdimen 52\mfp@dummy 
\mfp@scratch=\dimen129
\mfpframesep=\dimen130
\mfpframethickness=\dimen131
\mfpicheight=\dimen132
\mfpicwidth=\dimen133
\mfpiccaptionskip=\skip51
\tl@vpos=\count125
\tl@hpos=\count126
\mfp@commentchar=\count127

(/home.ldf/marik/texlive2008/texmf-dist/tex/generic/mfpic/mfppatch.tex)))
Package hyperref Info: Option `hypertexnames' set `false' on input line 260.

(/home.ldf/marik/texlive2008/texmf-dist/tex/latex/amscls/amsthm.sty
Package: amsthm 2004/08/06 v2.20
\thm@style=\toks34
\thm@bodyfont=\toks35
\thm@headfont=\toks36
\thm@notefont=\toks37
\thm@headpunct=\toks38
\thm@preskip=\skip52
\thm@postskip=\skip53
\thm@headsep=\skip54
\dth@everypar=\toks39
)
\c@vetapom=\count128
\c@definice=\count129
\c@poznamka=\count130
\c@priklad=\count131

(./fig2.tex
\boxrulewidth=\dimen134
\boxborderwidth=\dimen135
\mgversion=\count132
\pswidth=\count133
\psheight=\count134
\justx=\count135
\justy=\count136
\vpos=\count137
\LABEL=\toks40
\labelfile=\read3
\xcoord=\count138
\ycoord=\count139
\labox=\box33
\textsize=\dimen136
\rightfigwidth=\count140
\leftfigwidth=\count141
) (/home/marik/.TeX/mat-mak.tex
\tempnum=\count142
\buffer=\toks41
\ttempnum=\count143
)
\stranka=\dimen137

(/home.ldf/marik/texlive2008/texmf-dist/tex/latex/marvosym/marvosym.sty
Package: marvosym 2006/05/11 v2.1 Martin Vogel's Symbols font definitions
)
(./fig2.tex
\boxrulewidth=\dimen138
\boxborderwidth=\dimen139
\mgversion=\count144
\pswidth=\count145
\psheight=\count146
\justx=\count147
\justy=\count148
\vpos=\count149
\LABEL=\toks42
\labelfile=\read4
\xcoord=\count150
\ycoord=\count151
\labox=\box34
\textsize=\dimen140
\rightfigwidth=\count152
\leftfigwidth=\count153
) (/home/marik/.TeX/mat-mak.tex
\tempnum=\count154
\buffer=\toks43
\ttempnum=\count155
)
(/home.ldf/marik/texlive2008/texmf-dist/tex/latex/shadethm/shadethm.sty
Package: shadethm 1999/11/23

(/home.ldf/marik/texlive2008/texmf-dist/tex/latex/shadethm/colored.sth)
\saveparindent=\skip55
\shadeboxsep=\skip56
\shadeboxrule=\skip57
\shadedtextwidth=\skip58
\shadeleftshift=\skip59
\shaderightshift=\skip60
\shadesavebox=\box35
)
\c@shadeddefinice=\count156
\GPT@outputbox=\box36

(./in-mat-screen-pdflatex.aux)
\openout1 = `in-mat-screen-pdflatex.aux'.

LaTeX Font Info:    Checking defaults for OML/cmm/m/it on input line 577.
LaTeX Font Info:    ... okay on input line 577.
LaTeX Font Info:    Checking defaults for T1/cmr/m/n on input line 577.
LaTeX Font Info:    ... okay on input line 577.
LaTeX Font Info:    Checking defaults for OT1/cmr/m/n on input line 577.
LaTeX Font Info:    ... okay on input line 577.
LaTeX Font Info:    Checking defaults for OMS/cmsy/m/n on input line 577.
LaTeX Font Info:    ... okay on input line 577.
LaTeX Font Info:    Checking defaults for OMX/cmex/m/n on input line 577.
LaTeX Font Info:    ... okay on input line 577.
LaTeX Font Info:    Checking defaults for U/cmr/m/n on input line 577.
LaTeX Font Info:    ... okay on input line 577.
LaTeX Font Info:    Checking defaults for PD1/pdf/m/n on input line 577.
LaTeX Font Info:    ... okay on input line 577.
LaTeX Font Info:    Checking defaults for IL2/cmr/m/n on input line 577.
LaTeX Font Info:    ... okay on input line 577.
LaTeX Font Info:    Try loading font information for IL2+phv on input line 577.


(/home.ldf/marik/texlive2008/texmf-dist/tex/cslatex/base/il2phv.fd
File: il2phv.fd 1998/12/27 CS Helvetica
LaTeX Font Info:     CS Helvetica on input line 2.
LaTeX Font Info:    (C) Z. Wagner,1998/12/27 on input line 3.
LaTeX Font Info:    Created by CsPsFont utility v.1.0f (C) Z. Wagner, 1998/12/2
7 on input line 4.
)
(/home.ldf/marik/texlive2008/texmf-dist/tex/context/base/supp-pdf.tex
[Loading MPS to PDF converter (version 2006.09.02).]
\scratchcounter=\count157
\scratchdimen=\dimen141
\scratchbox=\box37
\nofMPsegments=\count158
\nofMParguments=\count159
\everyMPshowfont=\toks44
\MPscratchCnt=\count160
\MPscratchDim=\dimen142
\MPnumerator=\count161
\everyMPtoPDFconversion=\toks45
)
Package hyperref Info: Link coloring ON on input line 577.
 (/home.ldf/marik/texlive2008/texmf-dist/tex/latex/hyperref/nameref.sty
Package: nameref 2007/05/29 v2.31 Cross-referencing by name of section

(/home.ldf/marik/texlive2008/texmf-dist/tex/latex/oberdiek/refcount.sty
Package: refcount 2008/08/11 v3.1 Data extraction from references (HO)
)
\c@section@level=\count162
)
LaTeX Info: Redefining \ref on input line 577.
LaTeX Info: Redefining \pageref on input line 577.

(./in-mat-screen-pdflatex.out) (./in-mat-screen-pdflatex.out)
\@outlinefile=\write6
\openout6 = `in-mat-screen-pdflatex.out'.

\AtBeginShipoutBox=\box38

ABD: EveryShipout initializing macros
LaTeX Font Info:    Try loading font information for U+pzd on input line 577.

(/home.ldf/marik/texlive2008/texmf-dist/tex/latex/psnfss/upzd.fd
File: upzd.fd 2001/06/04 font definitions for U/pzd.
){/home.ldf/marik/texlive2008/texmf-var/fonts/map/pdftex/updmap/pdftex.map}
(./Tooltipsdljs.djs (/home/marik/.TeX/acrotex/dljscc.def)) (./fancytips.tex)
Package fancytooltips Info: Inputting fancytips.tex. on input line 577.


Package hyperref Warning: Token not allowed in a PDF string (PDFDocEncoding),
(hyperref)                removing `\\' on input line 584.


Package hyperref Warning: Token not allowed in a PDF string (PDFDocEncoding),
(hyperref)                removing `\\' on input line 584.


Package hyperref Warning: Token not allowed in a PDF string (PDFDocEncoding),
(hyperref)                removing `\\' on input line 584.

LaTeX Font Info:    Try loading font information for OML+hvm on input line 605.

(/home.ldf/marik/texlive2008/texmf-dist/tex/latex/hvmath/omlhvm.fd
File: omlhvm.fd 2001/05/18 v1.5 LaTeX HV math font definition (OML encoding)
)
LaTeX Font Info:    Try loading font information for OMS+hvsy on input line 605
.

(/home.ldf/marik/texlive2008/texmf-dist/tex/latex/hvmath/omshvsy.fd
File: omshvsy.fd 2001/05/18 v1.5 LaTeX HV math symbol font definition (OMS enco
ding)
)
LaTeX Font Info:    Try loading font information for OMX+hvex on input line 605
.

(/home.ldf/marik/texlive2008/texmf-dist/tex/latex/hvmath/omxhvex.fd
File: omxhvex.fd 2001/05/18 v1.5 LaTeX HV math extended symbol font definition 
(OMX encoding)
)
LaTeX Font Info:    Try loading font information for IL2+cmtt on input line 605
.

(/home.ldf/marik/texlive2008/texmf-dist/tex/latex/cslatex/il2cmtt.fd
File: il2cmtt.fd 1997/08/20 CSLaTeX font definitions
)
LaTeX Font Info:    Try loading font information for OMS+phv on input line 605.


(/home.ldf/marik/texlive2008/texmf-dist/tex/latex/psnfss/omsphv.fd
File: omsphv.fd 
)

LaTeX Font Warning: Font shape `OMS/phv/bx/n' undefined
(Font)              using `OMS/phv/m/n' instead
(Font)              for symbol `textbullet' on input line 605.

LaTeX Font Info:    Font shape `OMS/phv/m/n' in size <10> not available
(Font)              Font shape `OMS/cmsy/m/n' tried instead on input line 605.
LaTeX Font Info:    Font shape `OMS/phv/bx/n' in size <10> not available
(Font)              Font shape `OMS/cmsy/m/n' tried instead on input line 605.
LaTeX Font Info:    Font shape `OMS/phv/m/n' in size <8> not available
(Font)              Font shape `OMS/cmsy/m/n' tried instead on input line 605.
 <./tooltipy.pdf> <./tooltipy.pdf> <./tooltipy.pdf> <./tooltipy.pdf> <./tooltip
y.pdf> <./tooltipy.pdf> <./tooltipy.pdf> <./tooltipy.pdf> <./tooltipy.pdf> <./t
ooltipy.pdf> <./tooltipy.pdf> <./tooltipy.pdf> <./tooltipy.pdf> <./tooltipy.pdf
> <./tooltipy.pdf> <./tooltipy.pdf> <./tooltipy.pdf> <./tooltipy.pdf> <./toolti
py.pdf> <./tooltipy.pdf> <./tooltipy.pdf> <./tooltipy.pdf> <./tooltipy.pdf> <./
tooltipy.pdf> <./tooltipy.pdf> <./tooltipy.pdf> <./tooltipy.pdf> <./tooltipy.pd
f> <./tooltipy.pdf> <./tooltipy.pdf> <./tooltipy.pdf> <./tooltipy.pdf> <./toolt
ipy.pdf> <./tooltipy.pdf> <./tooltipy.pdf> <./tooltipy.pdf> <./tooltipy.pdf>
[1

] (./in-mat-screen-pdflatex.toc)
\tf@toc=\write7
\openout7 = `in-mat-screen-pdflatex.toc'.

 [2]
Kapitola 1.
(./dveprom.tex <fancytipmark.pdf, id=336, 169.63374pt x 151.56625pt>
File: fancytipmark.pdf Graphic file (type pdf)

<use fancytipmark.pdf>

LaTeX Font Warning: Font shape `IL2/phv/m/it' in size <10> not available
(Font)              Font shape `IL2/phv/m/sl' tried instead on input line 18.

[3

 </home/marik/.TeX/fancytooltips/fancytipmark.pdf>]

LaTeX Font Warning: Font shape `IL2/phv/m/it' in size <7> not available
(Font)              Font shape `IL2/phv/m/sl' tried instead on input line 46.


LaTeX Font Warning: Font shape `IL2/phv/m/it' in size <5> not available
(Font)              Font shape `IL2/phv/m/sl' tried instead on input line 46.

[4] [5] [6]
File: fancytipmark.pdf Graphic file (type pdf)
 <use fancytipmark.pdf>
File: fancytipmark.pdf Graphic file (type pdf)
 <use fancytipmark.pdf> [7]
File: fancytipmark.pdf Graphic file (type pdf)

<use fancytipmark.pdf>
File: fancytipmark.pdf Graphic file (type pdf)
 <use fancytipmark.pdf> [8]
File: fancytipmark.pdf Graphic file (type pdf)
 <use fancytipmark.pdf>
File: fancytipmark.pdf Graphic file (type pdf)

<use fancytipmark.pdf>
File: fancytipmark.pdf Graphic file (type pdf)
 <use fancytipmark.pdf> [9]
File: fancytipmark.pdf Graphic file (type pdf)
 <use fancytipmark.pdf>
[10]
File: fancytipmark.pdf Graphic file (type pdf)
 <use fancytipmark.pdf>

Package amsmath Warning: Foreign command \over;
(amsmath)                \frac or \genfrac should be used instead
(amsmath)                 on input line 313.

File: fancytipmark.pdf Graphic file (type pdf)
<use fancytipmark.pdf>
LaTeX Font Info:    Font shape `OMS/phv/m/it' in size <10> not available
(Font)              Font shape `OMS/cmsy/m/n' tried instead on input line 332.
File: fancytipmark.pdf Graphic file (type pdf)
 <use fancytipmark.pdf>
File: fancytipmark.pdf Graphic file (type pdf)
 <use fancytipmark.pdf> [11]
File: fancytipmark.pdf Graphic file (type pdf)

<use fancytipmark.pdf>
File: fancytipmark.pdf Graphic file (type pdf)
 <use fancytipmark.pdf>

LaTeX Font Warning: Font shape `IL2/phv/m/it' in size <17.28> not available
(Font)              Font shape `IL2/phv/m/sl' tried instead on input line 363.

LaTeX Font Info:    Try loading font information for U+mvs on input line 363.
(/home.ldf/marik/texlive2008/texmf-dist/tex/latex/marvosym/umvs.fd) [12]
File: fancytipmark.pdf Graphic file (type pdf)

<use fancytipmark.pdf>
File: fancytipmark.pdf Graphic file (type pdf)
 <use fancytipmark.pdf>
File: fancytipmark.pdf Graphic file (type pdf)
 <use fancytipmark.pdf> [13]
File: fancytipmark.pdf Graphic file (type pdf)

<use fancytipmark.pdf> [14]
File: fancytipmark.pdf Graphic file (type pdf)
 <use fancytipmark.pdf>
File: fancytipmark.pdf Graphic file (type pdf)
 <use fancytipmark.pdf>
File: fancytipmark.pdf Graphic file (type pdf)

<use fancytipmark.pdf>
File: fancytipmark.pdf Graphic file (type pdf)
 <use fancytipmark.pdf>
File: fancytipmark.pdf Graphic file (type pdf)
 <use fancytipmark.pdf>
File: fancytipmark.pdf Graphic file (type pdf)

<use fancytipmark.pdf> [15]
File: fancytipmark.pdf Graphic file (type pdf)
 <use fancytipmark.pdf>
File: fancytipmark.pdf Graphic file (type pdf)
 <use fancytipmark.pdf>
File: fancytipmark.pdf Graphic file (type pdf)

<use fancytipmark.pdf>
File: fancytipmark.pdf Graphic file (type pdf)
 <use fancytipmark.pdf> [16]
File: fancytipmark.pdf Graphic file (type pdf)
 <use fancytipmark.pdf>
File: fancytipmark.pdf Graphic file (type pdf)

<use fancytipmark.pdf>
File: fancytipmark.pdf Graphic file (type pdf)
 <use fancytipmark.pdf>
File: fancytipmark.pdf Graphic file (type pdf)
 <use fancytipmark.pdf>
File: fancytipmark.pdf Graphic file (type pdf)

<use fancytipmark.pdf>
File: fancytipmark.pdf Graphic file (type pdf)
 <use fancytipmark.pdf>
File: fancytipmark.pdf Graphic file (type pdf)
 <use fancytipmark.pdf>
File: fancytipmark.pdf Graphic file (type pdf)

<use fancytipmark.pdf> [17]
File: fancytipmark.pdf Graphic file (type pdf)
 <use fancytipmark.pdf>
File: fancytipmark.pdf Graphic file (type pdf)
 <use fancytipmark.pdf>
File: fancytipmark.pdf Graphic file (type pdf)

<use fancytipmark.pdf>
File: fancytipmark.pdf Graphic file (type pdf)
 <use fancytipmark.pdf>
File: fancytipmark.pdf Graphic file (type pdf)
 <use fancytipmark.pdf> [18]
File: fancytipmark.pdf Graphic file (type pdf)

<use fancytipmark.pdf>
File: fancytipmark.pdf Graphic file (type pdf)
 <use fancytipmark.pdf>
File: fancytipmark.pdf Graphic file (type pdf)
 <use fancytipmark.pdf> [19]
File: fancytipmark.pdf Graphic file (type pdf)

<use fancytipmark.pdf>
File: fancytipmark.pdf Graphic file (type pdf)
 <use fancytipmark.pdf>

LaTeX Font Warning: Font shape `IL2/phv/bx/it' in size <10> not available
(Font)              Font shape `IL2/phv/bx/sl' tried instead on input line 666.


[20]
File: fancytipmark.pdf Graphic file (type pdf)
 <use fancytipmark.pdf>
File: fancytipmark.pdf Graphic file (type pdf)
 <use fancytipmark.pdf>
File: fancytipmark.pdf Graphic file (type pdf)
 <use fancytipmark.pdf>
File: fancytipmark.pdf Graphic file (type pdf)

<use fancytipmark.pdf>
File: fancytipmark.pdf Graphic file (type pdf)
 <use fancytipmark.pdf>
File: fancytipmark.pdf Graphic file (type pdf)
 <use fancytipmark.pdf>
File: fancytipmark.pdf Graphic file (type pdf)

<use fancytipmark.pdf>
File: fancytipmark.pdf Graphic file (type pdf)
 <use fancytipmark.pdf>
<pics/le2.pdf, id=671, 284.52296pt x 199.1741pt>
File: pics/le2.pdf Graphic file (type pdf)
 <use pics/le2.pdf>

LaTeX Warning: `h' float specifier changed to `ht'.

File: fancytipmark.pdf Graphic file (type pdf)
<use fancytipmark.pdf> [21]
File: fancytipmark.pdf Graphic file (type pdf)
 <use fancytipmark.pdf>
File: fancytipmark.pdf Graphic file (type pdf)
 <use fancytipmark.pdf>
File: fancytipmark.pdf Graphic file (type pdf)

<use fancytipmark.pdf> [22]
File: fancytipmark.pdf Graphic file (type pdf)
 <use fancytipmark.pdf>
File: fancytipmark.pdf Graphic file (type pdf)
 <use fancytipmark.pdf>
File: fancytipmark.pdf Graphic file (type pdf)

<use fancytipmark.pdf>

LaTeX Font Warning: Font shape `IL2/phv/m/it' in size <8> not available
(Font)              Font shape `IL2/phv/m/sl' tried instead on input line 799.

[23]
File: fancytipmark.pdf Graphic file (type pdf)
 <use fancytipmark.pdf>
File: fancytipmark.pdf Graphic file (type pdf)
 <use fancytipmark.pdf>
File: fancytipmark.pdf Graphic file (type pdf)
 <use fancytipmark.pdf>
File: fancytipmark.pdf Graphic file (type pdf)

<use fancytipmark.pdf>
File: fancytipmark.pdf Graphic file (type pdf)
 <use fancytipmark.pdf> [24]
File: fancytipmark.pdf Graphic file (type pdf)
 <use fancytipmark.pdf>
File: fancytipmark.pdf Graphic file (type pdf)

<use fancytipmark.pdf>
File: fancytipmark.pdf Graphic file (type pdf)
 <use fancytipmark.pdf>
File: fancytipmark.pdf Graphic file (type pdf)
 <use fancytipmark.pdf>
File: fancytipmark.pdf Graphic file (type pdf)

<use fancytipmark.pdf> [25]
File: fancytipmark.pdf Graphic file (type pdf)
 <use fancytipmark.pdf>
File: fancytipmark.pdf Graphic file (type pdf)
 <use fancytipmark.pdf>
File: fancytipmark.pdf Graphic file (type pdf)

<use fancytipmark.pdf> [26]
File: fancytipmark.pdf Graphic file (type pdf)
 <use fancytipmark.pdf>
File: fancytipmark.pdf Graphic file (type pdf)
 <use fancytipmark.pdf>
File: fancytipmark.pdf Graphic file (type pdf)

<use fancytipmark.pdf> [27]
File: fancytipmark.pdf Graphic file (type pdf)
 <use fancytipmark.pdf>
File: fancytipmark.pdf Graphic file (type pdf)
 <use fancytipmark.pdf>)
[28] [29 <./pics/le2.pdf>]
Kapitola 2.
(./drce.tex
File: fancytipmark.pdf Graphic file (type pdf)
 <use fancytipmark.pdf>
File: fancytipmark.pdf Graphic file (type pdf)
 <use fancytipmark.pdf>
File: fancytipmark.pdf Graphic file (type pdf)

<use fancytipmark.pdf> [30

]
File: fancytipmark.pdf Graphic file (type pdf)
 <use fancytipmark.pdf>
File: fancytipmark.pdf Graphic file (type pdf)
 <use fancytipmark.pdf>
File: fancytipmark.pdf Graphic file (type pdf)

<use fancytipmark.pdf> [31]
File: fancytipmark.pdf Graphic file (type pdf)
 <use fancytipmark.pdf>
File: fancytipmark.pdf Graphic file (type pdf)
 <use fancytipmark.pdf>
File: fancytipmark.pdf Graphic file (type pdf)

<use fancytipmark.pdf>
File: fancytipmark.pdf Graphic file (type pdf)
 <use fancytipmark.pdf> [32] [33]
File: fancytipmark.pdf Graphic file (type pdf)
 <use fancytipmark.pdf>
File: fancytipmark.pdf Graphic file (type pdf)

<use fancytipmark.pdf> [34]
File: fancytipmark.pdf Graphic file (type pdf)
 <use fancytipmark.pdf>
File: fancytipmark.pdf Graphic file (type pdf)
 <use fancytipmark.pdf>
File: fancytipmark.pdf Graphic file (type pdf)

<use fancytipmark.pdf> [35] [36]
File: fancytipmark.pdf Graphic file (type pdf)
 <use fancytipmark.pdf> [37] [38]
File: fancytipmark.pdf Graphic file (type pdf)

<use fancytipmark.pdf>
File: fancytipmark.pdf Graphic file (type pdf)
 <use fancytipmark.pdf> [39]
File: fancytipmark.pdf Graphic file (type pdf)
 <use fancytipmark.pdf>
File: fancytipmark.pdf Graphic file (type pdf)

<use fancytipmark.pdf> [40]
File: fancytipmark.pdf Graphic file (type pdf)
 <use fancytipmark.pdf>
File: fancytipmark.pdf Graphic file (type pdf)
 <use fancytipmark.pdf>
[41]
File: fancytipmark.pdf Graphic file (type pdf)
 <use fancytipmark.pdf>
File: fancytipmark.pdf Graphic file (type pdf)
 <use fancytipmark.pdf>
File: fancytipmark.pdf Graphic file (type pdf)
 <use fancytipmark.pdf>
[42] [43]
File: fancytipmark.pdf Graphic file (type pdf)
 <use fancytipmark.pdf>
File: fancytipmark.pdf Graphic file (type pdf)
 <use fancytipmark.pdf>
File: fancytipmark.pdf Graphic file (type pdf)
 <use fancytipmark.pdf>
[44] [45]
File: fancytipmark.pdf Graphic file (type pdf)
 <use fancytipmark.pdf>
File: fancytipmark.pdf Graphic file (type pdf)
 <use fancytipmark.pdf>
File: fancytipmark.pdf Graphic file (type pdf)
 <use fancytipmark.pdf>
[46]
File: fancytipmark.pdf Graphic file (type pdf)
 <use fancytipmark.pdf>
File: fancytipmark.pdf Graphic file (type pdf)
 <use fancytipmark.pdf>
File: fancytipmark.pdf Graphic file (type pdf)
 <use fancytipmark.pdf>
File: fancytipmark.pdf Graphic file (type pdf)

<use fancytipmark.pdf> [47]
File: fancytipmark.pdf Graphic file (type pdf)
 <use fancytipmark.pdf>
File: fancytipmark.pdf Graphic file (type pdf)
 <use fancytipmark.pdf>
File: fancytipmark.pdf Graphic file (type pdf)

<use fancytipmark.pdf> [48]
File: fancytipmark.pdf Graphic file (type pdf)
 <use fancytipmark.pdf>
File: fancytipmark.pdf Graphic file (type pdf)
 <use fancytipmark.pdf>
File: fancytipmark.pdf Graphic file (type pdf)

<use fancytipmark.pdf>
File: fancytipmark.pdf Graphic file (type pdf)
 <use fancytipmark.pdf>
File: fancytipmark.pdf Graphic file (type pdf)
 <use fancytipmark.pdf>
File: fancytipmark.pdf Graphic file (type pdf)

<use fancytipmark.pdf> [49] [50]
File: fancytipmark.pdf Graphic file (type pdf)
 <use fancytipmark.pdf>
File: fancytipmark.pdf Graphic file (type pdf)
 <use fancytipmark.pdf>
File: fancytipmark.pdf Graphic file (type pdf)

<use fancytipmark.pdf> [51] [52] [53]
File: fancytipmark.pdf Graphic file (type pdf)
 <use fancytipmark.pdf>
File: fancytipmark.pdf Graphic file (type pdf)

<use fancytipmark.pdf>
File: fancytipmark.pdf Graphic file (type pdf)
 <use fancytipmark.pdf> [54]
File: fancytipmark.pdf Graphic file (type pdf)
 <use fancytipmark.pdf>
[55]
File: fancytipmark.pdf Graphic file (type pdf)
 <use fancytipmark.pdf>
File: fancytipmark.pdf Graphic file (type pdf)
 <use fancytipmark.pdf>
File: fancytipmark.pdf Graphic file (type pdf)
 <use fancytipmark.pdf>
[56]
File: fancytipmark.pdf Graphic file (type pdf)
 <use fancytipmark.pdf>
File: fancytipmark.pdf Graphic file (type pdf)
 <use fancytipmark.pdf>
File: fancytipmark.pdf Graphic file (type pdf)
 <use fancytipmark.pdf>
[57]
File: fancytipmark.pdf Graphic file (type pdf)
 <use fancytipmark.pdf>
File: fancytipmark.pdf Graphic file (type pdf)
 <use fancytipmark.pdf> [58]
File: fancytipmark.pdf Graphic file (type pdf)
 <use fancytipmark.pdf>
File: fancytipmark.pdf Graphic file (type pdf)

<use fancytipmark.pdf> [59] [60]) [61]
Kapitola 3.
(./autsyst.tex
File: fancytipmark.pdf Graphic file (type pdf)
 <use fancytipmark.pdf> [62

]
File: fancytipmark.pdf Graphic file (type pdf)
 <use fancytipmark.pdf> [63] [64]
File: fancytipmark.pdf Graphic file (type pdf)

<use fancytipmark.pdf> [65]
File: fancytipmark.pdf Graphic file (type pdf)
 <use fancytipmark.pdf>
File: fancytipmark.pdf Graphic file (type pdf)
 <use fancytipmark.pdf>
[66] [67]
File: fancytipmark.pdf Graphic file (type pdf)
 <use fancytipmark.pdf> [68]
File: fancytipmark.pdf Graphic file (type pdf)
 <use fancytipmark.pdf>
File: fancytipmark.pdf Graphic file (type pdf)

<use fancytipmark.pdf>
File: fancytipmark.pdf Graphic file (type pdf)
 <use fancytipmark.pdf> [69]
File: fancytipmark.pdf Graphic file (type pdf)
 <use fancytipmark.pdf>
File: fancytipmark.pdf Graphic file (type pdf)

<use fancytipmark.pdf>
File: fancytipmark.pdf Graphic file (type pdf)
 <use fancytipmark.pdf> [70]
File: fancytipmark.pdf Graphic file (type pdf)
 <use fancytipmark.pdf>
[71]
File: fancytipmark.pdf Graphic file (type pdf)
 <use fancytipmark.pdf>
File: fancytipmark.pdf Graphic file (type pdf)
 <use fancytipmark.pdf> [72]
File: fancytipmark.pdf Graphic file (type pdf)
 <use fancytipmark.pdf>
File: fancytipmark.pdf Graphic file (type pdf)

<use fancytipmark.pdf>
File: fancytipmark.pdf Graphic file (type pdf)
 <use fancytipmark.pdf>
File: fancytipmark.pdf Graphic file (type pdf)
 <use fancytipmark.pdf>
File: fancytipmark.pdf Graphic file (type pdf)

<use fancytipmark.pdf> [73]
File: fancytipmark.pdf Graphic file (type pdf)
 <use fancytipmark.pdf>
File: fancytipmark.pdf Graphic file (type pdf)
 <use fancytipmark.pdf>
File: fancytipmark.pdf Graphic file (type pdf)

<use fancytipmark.pdf>
File: fancytipmark.pdf Graphic file (type pdf)
 <use fancytipmark.pdf>
File: fancytipmark.pdf Graphic file (type pdf)
 <use fancytipmark.pdf>)

Mfpic: Initializing obrint.mp.
\openout5 = `obrint.mp'.

Mfpic: Don't forget to process obrint.mp!
Mfpic: Apply metapost to obrint.mp.
Mfpic: Then reprocess this file "in-mat-screen-pdflatex".

[74]
Kapitola 4.
(./dvojint.tex [75

] [76]
Underfull \hbox (badness 1137) in paragraph at lines 82--84
[]\IL2/phv/m/n/10 Infimum mno¾iny v¹ech hor-ních sou-ètù na-zý-váme []\IL2/phv/
m/sl/10 horní dvojný in-te-grál[] \IL2/phv/m/n/10 a zna-èíme
 []

File: obrint.1 Graphic file (type mps)
[MP to PDF] (./obrint.1) [77] [78]
File: obrint.2 Graphic file (type mps)
 [MP to PDF] (./obrint.2) [79]
File: obrint.3 Graphic file (type mps)
 [MP to PDF]
(./obrint.3) [80]
File: obrint.4 Graphic file (type mps)
 [MP to PDF] (./obrint.4) [81]
File: obrint.5 Graphic file (type mps)
 [MP to PDF] (./obrint.5)
[82]
File: obrint.6 Graphic file (type mps)
 [MP to PDF] (./obrint.6) [83] [84] [85])

Mfpic: Initializing obrdr.mp.
\openout5 = `obrdr.mp'.

Mfpic: Don't forget to process obrdr.mp!
Mfpic: Apply metapost to obrdr.mp.
Mfpic: Then reprocess this file "in-mat-screen-pdflatex".

[86]
Kapitola 5.
(./numerika.tex [87

] [88]
File: obrdr.7 Graphic file (type mps)
 [MP to PDF] (./obrdr.7)
File: obrdr.8 Graphic file (type mps)
 [MP to PDF] (./obrdr.8)
[89] [90] [91]
File: obrdr.9 Graphic file (type mps)
 [MP to PDF] (./obrdr.9)) [92] [93] [94

] [95

]
(./in-mat-screen-pdflatex.aux)

LaTeX Font Warning: Some font shapes were not available, defaults substituted.

 ) 
Here is how much of TeX's memory you used:
 10844 strings out of 494965
 138918 string characters out of 1177518
 368210 words of memory out of 3000000
 13349 multiletter control sequences out of 10000+50000
 53629 words of font info for 142 fonts, out of 3000000 for 5000
 46 hyphenation exceptions out of 8191
 43i,15n,45p,411b,1512s stack positions out of 5000i,500n,10000p,200000b,50000s
{/home.ldf/marik/texlive2008/texmf-dist/fonts/enc/dvips/base/8a.enc}{/home.ld
f/marik/texlive2008/texmf-dist/fonts/enc/dvips/base/8r.enc}</home.ldf/marik/tex
live2008/texmf-dist/fonts/type1/bluesky/cm/cmsy10.pfb></home.ldf/marik/texlive2
008/texmf-dist/fonts/type1/bluesky/cm/cmsy8.pfb></home.ldf/marik/texlive2008/te
xmf-dist/fonts/type1/public/cs/cstt10.pfb></home.ldf/marik/texlive2008/texmf-di
st/fonts/type1/micropress/hvmath/hvam10.pfb></home.ldf/marik/texlive2008/texmf-
dist/fonts/type1/micropress/hvmath/hvbm10.pfb></home.ldf/marik/texlive2008/texm
f-dist/fonts/type1/micropress/hvmath/hvbsy10.pfb></home.ldf/marik/texlive2008/t
exmf-dist/fonts/type1/micropress/hvmath/hvex10.pfb></home.ldf/marik/texlive2008
/texmf-dist/fonts/type1/micropress/hvmath/hvmi10.pfb></home.ldf/marik/texlive20
08/texmf-dist/fonts/type1/micropress/hvmath/hvmib10.pfb></home.ldf/marik/texliv
e2008/texmf-dist/fonts/type1/micropress/hvmath/hvrm10ex.pfb></home.ldf/marik/te
xlive2008/texmf-dist/fonts/type1/micropress/hvmath/hvsy10.pfb></home.ldf/marik/
texlive2008/texmf-dist/fonts/type1/public/marvosym/marvosym.pfb></home.ldf/mari
k/texlive2008/texmf-dist/fonts/type1/micropress/hvmath/mphv.pfb></home.ldf/mari
k/texlive2008/texmf-dist/fonts/type1/micropress/hvmath/mphvb.pfb></home.ldf/mar
ik/texlive2008/texmf-dist/fonts/type1/urw/helvetic/uhvb8a.pfb></home.ldf/marik/
texlive2008/texmf-dist/fonts/type1/urw/helvetic/uhvbo8a.pfb></home.ldf/marik/te
xlive2008/texmf-dist/fonts/type1/urw/helvetic/uhvr8a.pfb></home.ldf/marik/texli
ve2008/texmf-dist/fonts/type1/urw/helvetic/uhvro8a.pfb></home.ldf/marik/texlive
2008/texmf-dist/fonts/type1/urw/zapfding/uzdr.pfb>
Output written on in-mat-screen-pdflatex.pdf (95 pages, 837579 bytes).
PDF statistics:
 2070 PDF objects out of 2073 (max. 8388607)
 385 named destinations out of 1000 (max. 131072)
 499 words of extra memory for PDF output out of 10000 (max. 10000000)

