\BOOKMARK [1][]{toc.1}{Obsah}{}
\BOOKMARK [0][]{chapter.1}{1 Diferenciální poèet funkcí dvou promìnných}{}
\BOOKMARK [1][]{section.2}{1 Euklidovský metrický prostor}{chapter.1}
\BOOKMARK [1][]{section.12}{2 Základní topologické pojmy}{chapter.1}
\BOOKMARK [1][]{section.24}{3 Funkce}{chapter.1}
\BOOKMARK [1][]{section.55}{4 Derivace slo¾ené funkce}{chapter.1}
\BOOKMARK [1][]{section.59}{5 Extremální úlohy}{chapter.1}
\BOOKMARK [0][]{chapter.92}{2 Diferenciální rovnice}{}
\BOOKMARK [1][]{section.94}{1 Diferenciální rovnice -- úvod}{chapter.92}
\BOOKMARK [1][]{section.108}{2 Diferenciální rovnice se separovanými promìnnými}{chapter.92}
\BOOKMARK [1][]{section.128}{3 Homogenní diferenciální rovnice}{chapter.92}
\BOOKMARK [1][]{section.133}{4 Lineární diferenciální rovnice}{chapter.92}
\BOOKMARK [2][]{subsection.146}{4.1 Homogenní LDR}{section.133}
\BOOKMARK [3][]{subsubsection.148}{\200 Øe¹ení homogenní LDR separací promìnných.}{subsection.146}
\BOOKMARK [3][]{subsubsection.151}{\200 Øe¹ení homogenní LDR ``selskou úvahou''.}{subsection.146}
\BOOKMARK [2][]{subsection.152}{4.2 Nehomogenní LDR -- metoda variace konstanty}{section.133}
\BOOKMARK [1][]{section.159}{5 Exaktní diferenciální rovnice}{chapter.92}
\BOOKMARK [1][]{section.171}{6 Lineární diferenciální rovnice druhého øádu}{chapter.92}
\BOOKMARK [1][]{section.185}{7 Homogenní LDR 2. øádu}{chapter.92}
\BOOKMARK [1][]{section.194}{8 Homogenní LDR 2. øádu s konstantními koeficienty}{chapter.92}
\BOOKMARK [1][]{section.199}{9 Nehomogenní LDR 2. øádu}{chapter.92}
\BOOKMARK [0][]{chapter.214}{3 Autonomní systémy}{}
\BOOKMARK [1][]{section.215}{1 Motivace}{chapter.214}
\BOOKMARK [1][]{section.222}{2 Autonomní systémy}{chapter.214}
\BOOKMARK [0][]{chapter.255}{4 Dvojný integrál}{}
\BOOKMARK [1][]{section.256}{1 Supremum a infimum}{chapter.255}
\BOOKMARK [1][]{section.264}{2 Dvojný integrál na obdélníku}{chapter.255}
\BOOKMARK [1][]{section.269}{3 Dvojný integrál v obecné oblasti}{chapter.255}
\BOOKMARK [1][]{section.276}{4 Polární souøadnice}{chapter.255}
\BOOKMARK [1][]{section.280}{5 Obecné køivoèaré souøadnice}{chapter.255}
\BOOKMARK [0][]{chapter.283}{5 Numerické øe¹ení diferencálních rovnic}{}
\BOOKMARK [1][]{section.284}{1 Metody s konstatním krokem}{chapter.283}
