This is pdfTeXk, Version 3.1415926-1.40.9 (Web2C 7.5.7) (format=latex 2008.10.4)  26 AUG 2009 14:36
entering extended mode
 %&-line parsing enabled.
**in-mat
(./in-mat.tex
LaTeX2e <2005/12/01>
Babel <v3.8l> and hyphenation patterns for english, usenglishmax, dumylang, noh
yphenation, german-x-2008-06-18, ngerman-x-2008-06-18, czech, german, ngerman, 
latin, slovak, ukenglish, loaded.
(/home.ldf/sdileny/texlive2008/texmf-dist/tex/latex/amscls/amsbook.cls
Document Class: amsbook 2004/08/06 v2.20
\linespacing=\dimen102
\normalparindent=\dimen103
\normaltopskip=\skip41
(/home.ldf/sdileny/texlive2008/texmf-dist/tex/latex/amsmath/amsmath.sty
Package: amsmath 2000/07/18 v2.13 AMS math features
\@mathmargin=\skip42

For additional information on amsmath, use the `?' option.
(/home.ldf/sdileny/texlive2008/texmf-dist/tex/latex/amsmath/amstext.sty
Package: amstext 2000/06/29 v2.01

(/home.ldf/sdileny/texlive2008/texmf-dist/tex/latex/amsmath/amsgen.sty
File: amsgen.sty 1999/11/30 v2.0
\@emptytoks=\toks14
\ex@=\dimen104
))
(/home.ldf/sdileny/texlive2008/texmf-dist/tex/latex/amsmath/amsbsy.sty
Package: amsbsy 1999/11/29 v1.2d
\pmbraise@=\dimen105
)
(/home.ldf/sdileny/texlive2008/texmf-dist/tex/latex/amsmath/amsopn.sty
Package: amsopn 1999/12/14 v2.01 operator names
)
\inf@bad=\count79
LaTeX Info: Redefining \frac on input line 211.
\uproot@=\count80
\leftroot@=\count81
LaTeX Info: Redefining \overline on input line 307.
\classnum@=\count82
\DOTSCASE@=\count83
LaTeX Info: Redefining \ldots on input line 379.
LaTeX Info: Redefining \dots on input line 382.
LaTeX Info: Redefining \cdots on input line 467.
\Mathstrutbox@=\box26
\strutbox@=\box27
\big@size=\dimen106
LaTeX Font Info:    Redeclaring font encoding OML on input line 567.
LaTeX Font Info:    Redeclaring font encoding OMS on input line 568.
\macc@depth=\count84
\c@MaxMatrixCols=\count85
\dotsspace@=\muskip10
\c@parentequation=\count86
\dspbrk@lvl=\count87
\tag@help=\toks15
\row@=\count88
\column@=\count89
\maxfields@=\count90
\andhelp@=\toks16
\eqnshift@=\dimen107
\alignsep@=\dimen108
\tagshift@=\dimen109
\tagwidth@=\dimen110
\totwidth@=\dimen111
\lineht@=\dimen112
\@envbody=\toks17
\multlinegap=\skip43
\multlinetaggap=\skip44
\mathdisplay@stack=\toks18
LaTeX Info: Redefining \[ on input line 2666.
LaTeX Info: Redefining \] on input line 2667.
)
LaTeX Font Info:    Try loading font information for U+msa on input line 386.

(/home.ldf/sdileny/texlive2008/texmf-dist/tex/latex/amsfonts/umsa.fd
File: umsa.fd 2002/01/19 v2.2g AMS font definitions
)
(/home.ldf/sdileny/texlive2008/texmf-dist/tex/latex/amsfonts/amsfonts.sty
Package: amsfonts 2001/10/25 v2.2f
\symAMSa=\mathgroup4
\symAMSb=\mathgroup5
LaTeX Font Info:    Overwriting math alphabet `\mathfrak' in version `bold'
(Font)                  U/euf/m/n --> U/euf/b/n on input line 132.
)
\copyins=\insert233
\abstractbox=\box28
\listisep=\skip45
\c@part=\count91
\c@chapter=\count92
\c@section=\count93
\c@subsection=\count94
\c@subsubsection=\count95
\c@paragraph=\count96
\c@subparagraph=\count97
\c@figure=\count98
\c@table=\count99
\abovecaptionskip=\skip46
\belowcaptionskip=\skip47
\captionindent=\dimen113
\thm@style=\toks19
\thm@bodyfont=\toks20
\thm@headfont=\toks21
\thm@notefont=\toks22
\thm@headpunct=\toks23
\thm@preskip=\skip48
\thm@postskip=\skip49
\thm@headsep=\skip50
\dth@everypar=\toks24
)
(/home.ldf/sdileny/texlive2008/texmf-dist/tex/latex/ltxmisc/a4wide.sty
Package: a4wide 1994/08/30

(/home.ldf/sdileny/texlive2008/texmf-dist/tex/latex/ntgclass/a4.sty
Package: a4 2004/04/15 v1.2g A4 based page layout
))
(/home.ldf/sdileny/texlive2008/texmf-dist/tex/latex/ltxmisc/url.sty
\Urlmuskip=\muskip11
Package: url 2006/04/12  ver 3.3  Verb mode for urls, etc.
)
(/home.ldf/sdileny/texlive2008/texmf-dist/tex/latex/mdwtools/mdwlist.sty
Package: mdwlist 1996/05/02 1.1 Various list-related things
)
(/home.ldf/sdileny/texlive2008/texmf-dist/tex/generic/babel/babel.sty
Package: babel 2008/07/06 v3.8l The Babel package

(/home.ldf/sdileny/texlive2008/texmf-dist/tex/generic/babel/czech.ldf
Language: czech 2008/07/06 v3.1a Czech support from the babel system

(/home.ldf/sdileny/texlive2008/texmf-dist/tex/generic/babel/babel.def
File: babel.def 2008/07/06 v3.8l Babel common definitions
\babel@savecnt=\count100
\U@D=\dimen114
)
Package babel Info: Making " an active character on input line 172.
\cs@wordlen=\count101
Package babel Info: Making - an active character on input line 226.
))
(/home.ldf/sdileny/texlive2008/texmf-dist/tex/latex/base/fontenc.sty
Package: fontenc 2005/09/27 v1.99g Standard LaTeX package

(/home.ldf/sdileny/texlive2008/texmf-dist/tex/latex/cslatex/il2enc.def
File: il2enc.def 1997/08/20 CSLaTeX
)
LaTeX Font Info:    Try loading font information for IL2+cmr on input line 100.


(/home.ldf/sdileny/texlive2008/texmf-dist/tex/latex/cslatex/il2cmr.fd
File: il2cmr.fd 1997/02/06 CSLaTeX font definitions
))
(/home.ldf/sdileny/texlive2008/texmf-dist/tex/latex/psnfss/times.sty
Package: times 2005/04/12 PSNFSS-v9.2a (SPQR) 
)
(/home.ldf/sdileny/texlive2008/texmf-dist/tex/latex/multido/multido.sty
Package: multido 2004/05/17 package wrapper for PSTricks `multido.tex', (HV/RN)


(/home.ldf/sdileny/texlive2008/texmf-dist/tex/generic/multido/multido.tex
 v1.41, 2004/05/18 <tvz>
\multido@count=\count102
\multidocount=\count103
\multido@stuff=\toks25
)
File: multido.tex 2004/05/18 v1.41 `multido' (tvz)
)
(/home.ldf/sdileny/texlive2008/texmf-dist/tex/generic/mfpic/mfpic.sty
Package: mfpic 2006/05/26 v0.9. Macros for drawing with Metafont/MetaPost.

(/home.ldf/sdileny/texlive2008/texmf-dist/tex/generic/mfpic/mfpic.tex
(/home.ldf/sdileny/texlive2008/texmf-dist/tex/latex/graphics/graphics.sty
Package: graphics 2006/02/20 v1.0o Standard LaTeX Graphics (DPC,SPQR)

(/home.ldf/sdileny/texlive2008/texmf-dist/tex/latex/graphics/trig.sty
Package: trig 1999/03/16 v1.09 sin cos tan (DPC)
)
(/home.ldf/sdileny/texlive2008/texmf/tex/latex/config/graphics.cfg
File: graphics.cfg 2007/01/18 v1.5 graphics configuration of teTeX/TeXLive
)
Package graphics Info: Driver file: dvips.def on input line 90.

(/home.ldf/sdileny/texlive2008/texmf-dist/tex/latex/graphics/dvips.def
File: dvips.def 1999/02/16 v3.0i Driver-dependant file (DPC,SPQR)
))
\mfp@out=\write3
\mfp@graph=\read1
\mfp@count=\count104
\mfp@linetype=\count105
\mfp@sequence=\count106
\mfp@toks=\toks26
\mfp@verbtex=\toks27
\mfp@commonverbatimtex=\toks28
\mfp@fdc=\count107
\@wholegraph=\box29
\@textbox=\box30
\@alltlabels=\box31
\@backtext=\box32
\@tlabelstop=\fontdimen 23\mfp@dummy 
\@tlabelsbot=\fontdimen 24\mfp@dummy 
\@tlabelsleft=\fontdimen 25\mfp@dummy 
\@graphright=\fontdimen 26\mfp@dummy 
\@graphleft=\fontdimen 27\mfp@dummy 
\@graphtop=\fontdimen 28\mfp@dummy 
\@graphbot=\fontdimen 29\mfp@dummy 
\tb@raise=\fontdimen 30\mfp@dummy 
\tb@moveright=\fontdimen 31\mfp@dummy 
\tb@totalht=\fontdimen 32\mfp@dummy 
\tlabel@hadj=\fontdimen 33\mfp@dummy 
\tlabel@vadj=\fontdimen 34\mfp@dummy 
\tlabel@sep=\fontdimen 35\mfp@dummy 
\tlpath@sep=\fontdimen 36\mfp@dummy 
\mfpicunit=\fontdimen 37\mfp@dummy 
\@mfpicunit=\fontdimen 38\mfp@dummy 
\pointsize=\fontdimen 39\mfp@dummy 
\shadespace=\fontdimen 40\mfp@dummy 
\polkadotspace=\fontdimen 41\mfp@dummy 
\hatchspace=\fontdimen 42\mfp@dummy 
\headlen=\fontdimen 43\mfp@dummy 
\axisheadlen=\fontdimen 44\mfp@dummy 
\sideheadlen=\fontdimen 45\mfp@dummy 
\hashlen=\fontdimen 46\mfp@dummy 
\dashlen=\fontdimen 47\mfp@dummy 
\dashspace=\fontdimen 48\mfp@dummy 
\dotsize=\fontdimen 49\mfp@dummy 
\griddotsize=\fontdimen 50\mfp@dummy 
\dotspace=\fontdimen 51\mfp@dummy 
\symbolspace=\fontdimen 52\mfp@dummy 
\mfp@scratch=\dimen115
\mfpframesep=\dimen116
\mfpframethickness=\dimen117
\mfpicheight=\dimen118
\mfpicwidth=\dimen119
\mfpiccaptionskip=\skip51
\tl@vpos=\count108
\tl@hpos=\count109
\mfp@commentchar=\count110

(/home.ldf/sdileny/texlive2008/texmf-dist/tex/generic/mfpic/mfppatch.tex)))
(/home.ldf/sdileny/texlive2008/texmf-dist/tex/generic/epsf/epsf.sty
This is `epsf.tex' v2.7.3 <23 July 2005>
\epsffilein=\read2
\epsfframemargin=\dimen120
\epsfframethickness=\dimen121
\epsfrsize=\dimen122
\epsftmp=\dimen123
\epsftsize=\dimen124
\epsfxsize=\dimen125
\epsfysize=\dimen126
\pspoints=\dimen127
) (/home.ldf/sdileny/texlive2008/texmf-dist/tex/latex/psfrag/psfrag.sty
Package: psfrag 1998/04/11 v3.04 PSfrag (MCG)
\pfg@pcount=\count111
\pfg@scount=\count112
\pfg@temp=\write4
)
(/home.ldf/sdileny/texlive2008/texmf-dist/tex/latex/shadethm/shadethm.sty
Package: shadethm 1999/11/23

(/home.ldf/sdileny/texlive2008/texmf-dist/tex/latex/graphics/color.sty
Package: color 2005/11/14 v1.0j Standard LaTeX Color (DPC)

(/home.ldf/sdileny/texlive2008/texmf/tex/latex/config/color.cfg
File: color.cfg 2007/01/18 v1.5 color configuration of teTeX/TeXLive
)
Package color Info: Driver file: dvips.def on input line 130.

(/home.ldf/sdileny/texlive2008/texmf-dist/tex/latex/graphics/dvipsnam.def
File: dvipsnam.def 1999/02/16 v3.0i Driver-dependant file (DPC,SPQR)
))
\saveparindent=\skip52
\shadeboxsep=\skip53
\shadeboxrule=\skip54
\shadedtextwidth=\skip55
\shadeleftshift=\skip56
\shaderightshift=\skip57
\shadesavebox=\box33
)
\c@shadeveta=\count113
\c@definice=\count114
\c@ddefinice=\count115
\c@poznamka=\count116
\c@priklad=\count117
\delka=\dimen128

(./fig2.tex
\boxrulewidth=\dimen129
\boxborderwidth=\dimen130
\mgversion=\count118
\pswidth=\count119
\psheight=\count120
\justx=\count121
\justy=\count122
\vpos=\count123
\LABEL=\toks29
\labelfile=\read3
\xcoord=\count124
\ycoord=\count125
\labox=\box34
\textsize=\dimen131
\rightfigwidth=\count126
\leftfigwidth=\count127
) (/home/marik/.TeX/mat-mak.tex
\tempnum=\count128
\buffer=\toks30
\ttempnum=\count129
)
(/home.ldf/sdileny/texlive2008/texmf-dist/tex/latex/marvosym/marvosym.sty
Package: marvosym 2006/05/11 v2.1 Martin Vogel's Symbols font definitions
)
(./in-mat.aux)
\openout1 = `in-mat.aux'.

LaTeX Font Info:    Checking defaults for OML/cmm/m/it on input line 190.
LaTeX Font Info:    ... okay on input line 190.
LaTeX Font Info:    Checking defaults for T1/cmr/m/n on input line 190.
LaTeX Font Info:    ... okay on input line 190.
LaTeX Font Info:    Checking defaults for OT1/cmr/m/n on input line 190.
LaTeX Font Info:    ... okay on input line 190.
LaTeX Font Info:    Checking defaults for OMS/cmsy/m/n on input line 190.
LaTeX Font Info:    ... okay on input line 190.
LaTeX Font Info:    Checking defaults for OMX/cmex/m/n on input line 190.
LaTeX Font Info:    ... okay on input line 190.
LaTeX Font Info:    Checking defaults for U/cmr/m/n on input line 190.
LaTeX Font Info:    ... okay on input line 190.
LaTeX Font Info:    Checking defaults for IL2/cmr/m/n on input line 190.
LaTeX Font Info:    ... okay on input line 190.
LaTeX Font Info:    Try loading font information for IL2+ptm on input line 190.


(/home.ldf/sdileny/texlive2008/texmf-dist/tex/cslatex/base/il2ptm.fd
File: il2ptm.fd 1998/12/27 CS Times
LaTeX Font Info:     CS Times on input line 2.
LaTeX Font Info:    (C) Z. Wagner,1998/12/27 on input line 3.
LaTeX Font Info:    Created by CsPsFont utility v.1.0f (C) Z. Wagner, 1998/12/2
7 on input line 4.
)
LaTeX Font Info:    Try loading font information for U+msa on input line 190.

(/home.ldf/sdileny/texlive2008/texmf-dist/tex/latex/amsfonts/umsa.fd
File: umsa.fd 2002/01/19 v2.2g AMS font definitions
)
LaTeX Font Info:    Try loading font information for U+msb on input line 190.

(/home.ldf/sdileny/texlive2008/texmf-dist/tex/latex/amsfonts/umsb.fd
File: umsb.fd 2002/01/19 v2.2g AMS font definitions
)
LaTeX Font Info:    Try loading font information for IL2+pcr on input line 204.


(/home.ldf/sdileny/texlive2008/texmf-dist/tex/cslatex/base/il2pcr.fd
File: il2pcr.fd 1998/12/27 CS Courier
LaTeX Font Info:     CS Courier on input line 2.
LaTeX Font Info:    (C) Z. Wagner,1998/12/27 on input line 3.
LaTeX Font Info:    Created by CsPsFont utility v.1.0f (C) Z. Wagner, 1998/12/2
7 on input line 4.
) [1


]
[2]
Obsah
(./in-mat.toc)
\tf@toc=\write5
\openout5 = `in-mat.toc'.

 [3


]
Kapitola 1
(./dveprom.tex [4


] [5] [6]

Package amsmath Warning: Foreign command \over;
(amsmath)                \frac or \genfrac should be used instead
(amsmath)                 on input line 314.

LaTeX Font Info:    Try loading font information for U+mvs on input line 364.
(/home.ldf/sdileny/texlive2008/texmf-dist/tex/latex/marvosym/umvs.fd) [7]
[8] [9] [10] le2prom [11] [12] [13]) [14]
Kapitola 2
(./drce.tex [15


] [16] [17] [18] [19] [20] [21] [22] [23]
Underfull \hbox (badness 10000) in paragraph at lines 1274--1276

 []

[24] [25])

Mfpic: Initializing autsyst.mp.
\openout3 = `autsyst.mp'.

Mfpic: Don't forget to process autsyst.mp!
Mfpic: Apply metapost to autsyst.mp.
Mfpic: Then reprocess this file "in-mat".

[26]
Kapitola 3
(./autsyst.tex [27


] [28]
File: autsyst.1 Graphic file (type eps)
 <autsyst.1>
File: autsyst.2 Graphic file (type eps)
 <autsyst.2>
File: autsyst.3 Graphic file (type eps)
 <autsyst.3>
File: autsyst.4 Graphic file (type eps)
 <autsyst.4>
File: autsyst.5 Graphic file (type eps)

<autsyst.5>
File: autsyst.6 Graphic file (type eps)
 <autsyst.6> [29] [30])

Mfpic: Initializing obrint.mp.
\openout3 = `obrint.mp'.

Mfpic: Don't forget to process obrint.mp!
Mfpic: Apply metapost to obrint.mp.
Mfpic: Then reprocess this file "in-mat".

[31]
Kapitola 4
(./dvojint.tex
Overfull \hbox (25.74881pt too wide) in paragraph at lines 79--82
[]\IL2/ptm/m/n/10 Supremum mno¾iny v¹ech dol-ních sou-ètù na-zý-váme \IL2/ptm/m
/it/10 dolní dvojný in-te-grál \IL2/ptm/m/n/10 a zna-èíme $[]\OML/cmm/m/it/10 f
\OT1/cmr/m/n/10 (\OML/cmm/m/it/10 x; y\OT1/cmr/m/n/10 ) d\OML/cmm/m/it/10 x \OT
1/cmr/m/n/10 d\OML/cmm/m/it/10 y$\IL2/ptm/m/n/10 . 
 []


Overfull \hbox (17.96881pt too wide) in paragraph at lines 82--84
[]\IL2/ptm/m/n/10 Infimum mno¾iny v¹ech hor-ních sou-ètù na-zý-váme \IL2/ptm/m/
it/10 horní dvojný in-te-grál \IL2/ptm/m/n/10 a zna-èíme $[]\OML/cmm/m/it/10 f\
OT1/cmr/m/n/10 (\OML/cmm/m/it/10 x; y\OT1/cmr/m/n/10 ) d\OML/cmm/m/it/10 x \OT1
/cmr/m/n/10 d\OML/cmm/m/it/10 y$\IL2/ptm/m/n/10 . 
 []

[32


]
File: obrint.7 Graphic file (type eps)
 <obrint.7>
File: obrint.8 Graphic file (type eps)
 <obrint.8>
File: obrint.9 Graphic file (type eps)
 <obrint.9> [33]
File: obrint.10 Graphic file (type eps)
 <obrint.10> [34]
File: obrint.11 Graphic file (type eps)
 <obrint.11>
File: obrint.12 Graphic file (type eps)

<obrint.12> [35])

Mfpic: Initializing obrdr.mp.
\openout3 = `obrdr.mp'.

Mfpic: Don't forget to process obrdr.mp!
Mfpic: Apply metapost to obrdr.mp.
Mfpic: Then reprocess this file "in-mat".

[36]
Kapitola 5
(./numerika.tex
Overfull \hbox (35.30437pt too wide) in paragraph at lines 20--29
[]\IL2/ptm/m/n/10 Øe¹íme poèá-teèní úlohu pro di-fe-ren-ci-ální rov-nici prv-ní
ho øádu rozøe¹e-nou vzhle-dem k de-ri-vaci:[] [] 
 []

File: obrdr.13 Graphic file (type eps)
<obrdr.13>
File: obrdr.14 Graphic file (type eps)
 <obrdr.14> [37


]
File: obrdr.15 Graphic file (type eps)
 <obrdr.15>) [38] [39] (./in-mat.aux) ) 
Here is how much of TeX's memory you used:
 4298 strings out of 494966
 50209 string characters out of 1177541
 117528 words of memory out of 3000000
 7213 multiletter control sequences out of 10000+50000
 24226 words of font info for 66 fonts, out of 3000000 for 5000
 207 hyphenation exceptions out of 8191
 34i,17n,31p,449b,569s stack positions out of 5000i,500n,10000p,200000b,50000s

Output written on in-mat.dvi (39 pages, 193480 bytes).
