\BOOKMARK [1][]{toc.1}{Obsah}{}
\BOOKMARK [0][]{chapter.2}{1 Diferenciální poèet funkcí dvou promìnných}{}
\BOOKMARK [1][]{section.3}{1 Euklidovský metrický prostor}{chapter.2}
\BOOKMARK [1][]{section.13}{2 Základní topologické pojmy}{chapter.2}
\BOOKMARK [1][]{section.25}{3 Funkce}{chapter.2}
\BOOKMARK [1][]{section.56}{4 Derivace slo¾ené funkce}{chapter.2}
\BOOKMARK [1][]{section.60}{5 Extremální úlohy}{chapter.2}
\BOOKMARK [0][]{chapter.93}{2 Diferenciální rovnice}{}
\BOOKMARK [1][]{section.95}{1 Diferenciální rovnice -- úvod}{chapter.93}
\BOOKMARK [1][]{section.104}{2 Diferenciální rovnice se separovanými promìnnými}{chapter.93}
\BOOKMARK [1][]{section.123}{3 Homogenní diferenciální rovnice}{chapter.93}
\BOOKMARK [1][]{section.128}{4 Lineární diferenciální rovnice}{chapter.93}
\BOOKMARK [2][]{subsection.141}{4.1 Homogenní LDR}{section.128}
\BOOKMARK [3][]{subsubsection.143}{\200 Øe¹ení homogenní LDR separací promìnných.}{subsection.141}
\BOOKMARK [3][]{subsubsection.146}{\200 Øe¹ení homogenní LDR ``selskou úvahou''.}{subsection.141}
\BOOKMARK [2][]{subsection.147}{4.2 Nehomogenní LDR -- metoda variace konstanty}{section.128}
\BOOKMARK [1][]{section.154}{5 Exaktní diferenciální rovnice}{chapter.93}
\BOOKMARK [1][]{section.166}{6 Lineární diferenciální rovnice druhého øádu}{chapter.93}
\BOOKMARK [1][]{section.180}{7 Homogenní LDR 2. øádu}{chapter.93}
\BOOKMARK [1][]{section.189}{8 Homogenní LDR 2. øádu s konstantními koeficienty}{chapter.93}
\BOOKMARK [1][]{section.194}{9 Nehomogenní LDR 2. øádu}{chapter.93}
\BOOKMARK [0][]{chapter.209}{3 Autonomní systémy}{}
\BOOKMARK [1][]{section.210}{1 Úvod}{chapter.209}
\BOOKMARK [1][]{section.217}{2 Trajektorie}{chapter.209}
\BOOKMARK [1][]{section.231}{3 Stacionární body}{chapter.209}
\BOOKMARK [0][]{chapter.241}{4 Dvojný integrál}{}
\BOOKMARK [1][]{section.242}{1 Supremum a infimum}{chapter.241}
\BOOKMARK [1][]{section.250}{2 Dvojný integrál na obdélníku}{chapter.241}
\BOOKMARK [1][]{section.255}{3 Dvojný integrál v obecné oblasti}{chapter.241}
\BOOKMARK [1][]{section.262}{4 Polární souøadnice}{chapter.241}
\BOOKMARK [1][]{section.266}{5 Obecné køivoèaré souøadnice}{chapter.241}
\BOOKMARK [0][]{chapter.269}{5 Numerické øe¹ení diferencálních rovnic}{}
\BOOKMARK [1][]{section.270}{1 Metody s konstatním krokem}{chapter.269}
