This is pdfTeXk, Version 3.1415926-1.40.9 (Web2C 7.5.7) (format=latex 2008.10.4)  7 NOV 2008 15:12
entering extended mode
 %&-line parsing enabled.
**in-mat-screen.tex.tex
(/home.ldf/marik/texlive2008/texmf-dist/tex/generic/misc/null.tex
! Interruption.
<to be read again> 
                   \begingroup 
l.1 
    % This is an empty TeX source file. Why do you want it? Because if TeX says

? c
Type <return> to proceed, S to scroll future error messages,
R to run without stopping, Q to run quietly,
I to insert something, E to edit your file,
H for help, X to quit.
? x
 
Here is how much of TeX's memory you used:
 6 strings out of 494966
 290 string characters out of 1177541
 45312 words of memory out of 3000000
 3306 multiletter control sequences out of 10000+50000
 3640 words of font info for 14 fonts, out of 3000000 for 5000
 46 hyphenation exceptions out of 8191
 3i,0n,1p,101b,6s stack positions out of 5000i,500n,10000p,200000b,50000s
No pages of output.
