This is pdfTeXk, Version 3.1415926-1.40.9 (Web2C 7.5.7) (format=pdflatex 2008.10.4)  20 AUG 2009 20:55
entering extended mode
 %&-line parsing enabled.
**tooltipy.tex
(./tooltipy.tex
LaTeX2e <2005/12/01>
Babel <v3.8l> and hyphenation patterns for english, usenglishmax, dumylang, noh
yphenation, german-x-2008-06-18, ngerman-x-2008-06-18, czech, german, ngerman, 
slovak, ukenglish, loaded.
(/opt/texlive2008/texmf-dist/tex/latex/base/article.cls
Document Class: article 2005/09/16 v1.4f Standard LaTeX document class
(/opt/texlive2008/texmf-dist/tex/latex/base/size10.clo
File: size10.clo 2005/09/16 v1.4f Standard LaTeX file (size option)
)
\c@part=\count79
\c@section=\count80
\c@subsection=\count81
\c@subsubsection=\count82
\c@paragraph=\count83
\c@subparagraph=\count84
\c@figure=\count85
\c@table=\count86
\abovecaptionskip=\skip41
\belowcaptionskip=\skip42
\bibindent=\dimen102
)
(/opt/texlive2008/texmf-dist/tex/generic/mfpic/mfpic.sty
Package: mfpic 2006/05/26 v0.9. Macros for drawing with Metafont/MetaPost.

(/opt/texlive2008/texmf-dist/tex/generic/mfpic/mfpic.tex
(/opt/texlive2008/texmf-dist/tex/latex/graphics/graphics.sty
Package: graphics 2006/02/20 v1.0o Standard LaTeX Graphics (DPC,SPQR)

(/opt/texlive2008/texmf-dist/tex/latex/graphics/trig.sty
Package: trig 1999/03/16 v1.09 sin cos tan (DPC)
)
(/opt/texlive2008/texmf/tex/latex/config/graphics.cfg
File: graphics.cfg 2007/01/18 v1.5 graphics configuration of teTeX/TeXLive
)
Package graphics Info: Driver file: pdftex.def on input line 90.

(/opt/texlive2008/texmf-dist/tex/latex/pdftex-def/pdftex.def
File: pdftex.def 2008/09/08 v0.04l Graphics/color for pdfTeX
\Gread@gobject=\count87
))
\mfp@out=\write3
\mfp@graph=\read1
\mfp@count=\count88
\mfp@linetype=\count89
\mfp@sequence=\count90
\mfp@toks=\toks14
\mfp@verbtex=\toks15
\mfp@commonverbatimtex=\toks16
\mfp@fdc=\count91
\@wholegraph=\box26
\@textbox=\box27
\@alltlabels=\box28
\@backtext=\box29
\@tlabelstop=\fontdimen 23\mfp@dummy 
\@tlabelsbot=\fontdimen 24\mfp@dummy 
\@tlabelsleft=\fontdimen 25\mfp@dummy 
\@graphright=\fontdimen 26\mfp@dummy 
\@graphleft=\fontdimen 27\mfp@dummy 
\@graphtop=\fontdimen 28\mfp@dummy 
\@graphbot=\fontdimen 29\mfp@dummy 
\tb@raise=\fontdimen 30\mfp@dummy 
\tb@moveright=\fontdimen 31\mfp@dummy 
\tb@totalht=\fontdimen 32\mfp@dummy 
\tlabel@hadj=\fontdimen 33\mfp@dummy 
\tlabel@vadj=\fontdimen 34\mfp@dummy 
\tlabel@sep=\fontdimen 35\mfp@dummy 
\tlpath@sep=\fontdimen 36\mfp@dummy 
\mfpicunit=\fontdimen 37\mfp@dummy 
\@mfpicunit=\fontdimen 38\mfp@dummy 
\pointsize=\fontdimen 39\mfp@dummy 
\shadespace=\fontdimen 40\mfp@dummy 
\polkadotspace=\fontdimen 41\mfp@dummy 
\hatchspace=\fontdimen 42\mfp@dummy 
\headlen=\fontdimen 43\mfp@dummy 
\axisheadlen=\fontdimen 44\mfp@dummy 
\sideheadlen=\fontdimen 45\mfp@dummy 
\hashlen=\fontdimen 46\mfp@dummy 
\dashlen=\fontdimen 47\mfp@dummy 
\dashspace=\fontdimen 48\mfp@dummy 
\dotsize=\fontdimen 49\mfp@dummy 
\griddotsize=\fontdimen 50\mfp@dummy 
\dotspace=\fontdimen 51\mfp@dummy 
\symbolspace=\fontdimen 52\mfp@dummy 
\mfp@scratch=\dimen103
\mfpframesep=\dimen104
\mfpframethickness=\dimen105
\mfpicheight=\dimen106
\mfpicwidth=\dimen107
\mfpiccaptionskip=\skip43
\tl@vpos=\count92
\tl@hpos=\count93
\mfp@commentchar=\count94

(/opt/texlive2008/texmf-dist/tex/generic/mfpic/mfppatch.tex)))

Mfpic: Initializing stac-body.mp.
\openout3 = `stac-body.mp'.

Mfpic: Don't forget to process stac-body.mp!
Mfpic: Apply metapost to stac-body.mp.
Mfpic: Then reprocess this file "tooltipy".

(/opt/texlive2008/texmf-dist/tex/latex/base/inputenc.sty
Package: inputenc 2006/05/05 v1.1b Input encoding file
\inpenc@prehook=\toks17
\inpenc@posthook=\toks18

(/opt/texlive2008/texmf-dist/tex/latex/base/latin2.def
File: latin2.def 2006/05/05 v1.1b Input encoding file
))
(/opt/texlive2008/texmf-dist/tex/latex/base/fontenc.sty
Package: fontenc 2005/09/27 v1.99g Standard LaTeX package

(/opt/texlive2008/texmf-dist/tex/latex/base/t1enc.def
File: t1enc.def 2005/09/27 v1.99g Standard LaTeX file
LaTeX Font Info:    Redeclaring font encoding T1 on input line 43.
))
(/opt/texlive2008/texmf-dist/tex/latex/hvmath/hvmaths.sty
Package: hvmaths 2004/02/01 v1.5 (WaS/MicroPress)

(/opt/texlive2008/texmf-dist/tex/latex/graphics/keyval.sty
Package: keyval 1999/03/16 v1.13 key=value parser (DPC)
\KV@toks@=\toks19
)
LaTeX Font Info:    Try loading font information for T1+hvr on input line 87.

(/opt/texlive2008/texmf-dist/tex/latex/hvmath/t1hvr.fd
File: t1hvr.fd 2001/05/18 v1.5 LaTeX HV text font definition (T1 encoding)
)
LaTeX Font Info:    Redeclaring symbol font `operators' on input line 89.
LaTeX Font Info:    Overwriting symbol font `operators' in version `normal'
(Font)                  OT1/cmr/m/n --> OT1/hvr/m/n on input line 89.
LaTeX Font Info:    Overwriting symbol font `operators' in version `bold'
(Font)                  OT1/cmr/bx/n --> OT1/hvr/m/n on input line 89.
LaTeX Font Info:    Redeclaring symbol font `letters' on input line 90.
LaTeX Font Info:    Overwriting symbol font `letters' in version `normal'
(Font)                  OML/cmm/m/it --> OML/hvm/m/it on input line 90.
LaTeX Font Info:    Overwriting symbol font `letters' in version `bold'
(Font)                  OML/cmm/b/it --> OML/hvm/m/it on input line 90.
LaTeX Font Info:    Redeclaring symbol font `symbols' on input line 91.
LaTeX Font Info:    Overwriting symbol font `symbols' in version `normal'
(Font)                  OMS/cmsy/m/n --> OMS/hvsy/m/n on input line 91.
LaTeX Font Info:    Overwriting symbol font `symbols' in version `bold'
(Font)                  OMS/cmsy/b/n --> OMS/hvsy/m/n on input line 91.
LaTeX Font Info:    Redeclaring symbol font `largesymbols' on input line 92.
LaTeX Font Info:    Overwriting symbol font `largesymbols' in version `normal'
(Font)                  OMX/cmex/m/n --> OMX/hvex/m/n on input line 92.
LaTeX Font Info:    Overwriting symbol font `largesymbols' in version `bold'
(Font)                  OMX/cmex/m/n --> OMX/hvex/m/n on input line 92.
LaTeX Font Info:    Overwriting symbol font `operators' in version `bold'
(Font)                  OT1/hvr/m/n --> OT1/hvr/bx/n on input line 93.
LaTeX Font Info:    Overwriting symbol font `letters' in version `bold'
(Font)                  OML/hvm/m/it --> OML/hvm/b/it on input line 94.
LaTeX Font Info:    Overwriting symbol font `symbols' in version `bold'
(Font)                  OMS/hvsy/m/n --> OMS/hvsy/b/n on input line 95.
LaTeX Font Info:    Redeclaring math alphabet \mathbf on input line 96.
LaTeX Font Info:    Overwriting math alphabet `\mathbf' in version `normal'
(Font)                  OT1/cmr/bx/n --> OT1/hvr/bx/n on input line 96.
LaTeX Font Info:    Overwriting math alphabet `\mathbf' in version `bold'
(Font)                  OT1/cmr/bx/n --> OT1/hvr/bx/n on input line 96.
LaTeX Font Info:    Redeclaring math alphabet \mathit on input line 97.
LaTeX Font Info:    Overwriting math alphabet `\mathit' in version `normal'
(Font)                  OT1/cmr/m/it --> OT1/hvr/m/it on input line 97.
LaTeX Font Info:    Overwriting math alphabet `\mathit' in version `bold'
(Font)                  OT1/cmr/bx/it --> OT1/hvr/m/it on input line 97.
LaTeX Font Info:    Overwriting math alphabet `\mathit' in version `bold'
(Font)                  OT1/hvr/m/it --> OT1/hvr/bx/it on input line 98.
LaTeX Font Info:    Redeclaring math symbol \hbar on input line 99.
LaTeX Font Info:    Redeclaring math symbol \alpha on input line 101.
LaTeX Font Info:    Redeclaring math symbol \beta on input line 102.
LaTeX Font Info:    Redeclaring math symbol \gamma on input line 103.
LaTeX Font Info:    Redeclaring math symbol \delta on input line 104.
LaTeX Font Info:    Redeclaring math symbol \epsilon on input line 105.
LaTeX Font Info:    Redeclaring math symbol \zeta on input line 106.
LaTeX Font Info:    Redeclaring math symbol \eta on input line 107.
LaTeX Font Info:    Redeclaring math symbol \theta on input line 108.
LaTeX Font Info:    Redeclaring math symbol \iota on input line 109.
LaTeX Font Info:    Redeclaring math symbol \kappa on input line 110.
LaTeX Font Info:    Redeclaring math symbol \lambda on input line 111.
LaTeX Font Info:    Redeclaring math symbol \mu on input line 112.
LaTeX Font Info:    Redeclaring math symbol \nu on input line 113.
LaTeX Font Info:    Redeclaring math symbol \xi on input line 114.
LaTeX Font Info:    Redeclaring math symbol \pi on input line 115.
LaTeX Font Info:    Redeclaring math symbol \rho on input line 116.
LaTeX Font Info:    Redeclaring math symbol \sigma on input line 117.
LaTeX Font Info:    Redeclaring math symbol \tau on input line 118.
LaTeX Font Info:    Redeclaring math symbol \upsilon on input line 119.
LaTeX Font Info:    Redeclaring math symbol \phi on input line 120.
LaTeX Font Info:    Redeclaring math symbol \chi on input line 121.
LaTeX Font Info:    Redeclaring math symbol \psi on input line 122.
LaTeX Font Info:    Redeclaring math symbol \omega on input line 123.
LaTeX Font Info:    Redeclaring math symbol \varepsilon on input line 124.
LaTeX Font Info:    Redeclaring math symbol \vartheta on input line 125.
LaTeX Font Info:    Redeclaring math symbol \varpi on input line 126.
LaTeX Font Info:    Redeclaring math symbol \varphi on input line 127.
LaTeX Font Info:    Redeclaring math symbol \varrho on input line 128.
LaTeX Font Info:    Redeclaring math symbol \varsigma on input line 129.
\symupright=\mathgroup4
LaTeX Font Info:    Overwriting symbol font `upright' in version `bold'
(Font)                  U/hvrmex/m/n --> U/hvrmex/b/n on input line 158.
)
(/opt/texlive2008/texmf-dist/tex/latex/psnfss/helvet.sty
Package: helvet 2005/04/12 PSNFSS-v9.2a (WaS) 
)
(/opt/texlive2008/texmf-dist/tex/generic/babel/babel.sty
Package: babel 2008/07/06 v3.8l The Babel package

(/opt/texlive2008/texmf-dist/tex/generic/babel/czech.ldf
Language: czech 2008/07/06 v3.1a Czech support from the babel system

(/opt/texlive2008/texmf-dist/tex/generic/babel/babel.def
File: babel.def 2008/07/06 v3.8l Babel common definitions
\babel@savecnt=\count95
\U@D=\dimen108
)
Package babel Info: Making " an active character on input line 172.
\cs@wordlen=\count96
Package babel Info: Making - an active character on input line 226.
))
(/opt/texlive2008/texmf-dist/tex/latex/tools/calc.sty
Package: calc 2005/08/06 v4.2 Infix arithmetic (KKT,FJ)
\calc@Acount=\count97
\calc@Bcount=\count98
\calc@Adimen=\dimen109
\calc@Bdimen=\dimen110
\calc@Askip=\skip44
\calc@Bskip=\skip45
LaTeX Info: Redefining \setlength on input line 75.
LaTeX Info: Redefining \addtolength on input line 76.
\calc@Ccount=\count99
\calc@Cskip=\skip46
)
(/opt/texlive2008/texmf-dist/tex/latex/tools/bm.sty
Package: bm 2004/02/26 v1.1c Bold Symbol Support (DPC/FMi)
\symboldoperators=\mathgroup5
\symboldletters=\mathgroup6
\symboldsymbols=\mathgroup7
\symboldupright=\mathgroup8
LaTeX Font Info:    Redeclaring math alphabet \mathbf on input line 137.
LaTeX Info: Redefining \bm on input line 203.
)
(/opt/texlive2008/texmf-dist/tex/latex/marvosym/marvosym.sty
Package: marvosym 2006/05/11 v2.1 Martin Vogel's Symbols font definitions
)
(/opt/texlive2008/texmf-dist/tex/latex/multido/multido.sty
Package: multido 2004/05/17 package wrapper for PSTricks `multido.tex', (HV/RN)


(/opt/texlive2008/texmf-dist/tex/generic/multido/multido.tex
 v1.41, 2004/05/18 <tvz>
\multido@count=\count100
\multidocount=\count101
\multido@stuff=\toks20
)
File: multido.tex 2004/05/18 v1.41 `multido' (tvz)
)
(/opt/texlive2008/texmf-dist/tex/latex/amsmath/amsmath.sty
Package: amsmath 2000/07/18 v2.13 AMS math features
\@mathmargin=\skip47

For additional information on amsmath, use the `?' option.
(/opt/texlive2008/texmf-dist/tex/latex/amsmath/amstext.sty
Package: amstext 2000/06/29 v2.01

(/opt/texlive2008/texmf-dist/tex/latex/amsmath/amsgen.sty
File: amsgen.sty 1999/11/30 v2.0
\@emptytoks=\toks21
\ex@=\dimen111
))
(/opt/texlive2008/texmf-dist/tex/latex/amsmath/amsbsy.sty
Package: amsbsy 1999/11/29 v1.2d
LaTeX Info: Redefining \boldsymbol on input line 54.
\pmbraise@=\dimen112
)
(/opt/texlive2008/texmf-dist/tex/latex/amsmath/amsopn.sty
Package: amsopn 1999/12/14 v2.01 operator names
)
\inf@bad=\count102
LaTeX Info: Redefining \frac on input line 211.
\uproot@=\count103
\leftroot@=\count104
LaTeX Info: Redefining \overline on input line 307.
\classnum@=\count105
\DOTSCASE@=\count106
LaTeX Info: Redefining \ldots on input line 379.
LaTeX Info: Redefining \dots on input line 382.
LaTeX Info: Redefining \cdots on input line 467.
\Mathstrutbox@=\box30
\strutbox@=\box31
\big@size=\dimen113
LaTeX Font Info:    Redeclaring font encoding OML on input line 567.
LaTeX Font Info:    Redeclaring font encoding OMS on input line 568.
\macc@depth=\count107
\c@MaxMatrixCols=\count108
\dotsspace@=\muskip10
\c@parentequation=\count109
\dspbrk@lvl=\count110
\tag@help=\toks22
\row@=\count111
\column@=\count112
\maxfields@=\count113
\andhelp@=\toks23
\eqnshift@=\dimen114
\alignsep@=\dimen115
\tagshift@=\dimen116
\tagwidth@=\dimen117
\totwidth@=\dimen118
\lineht@=\dimen119
\@envbody=\toks24
\multlinegap=\skip48
\multlinetaggap=\skip49
\mathdisplay@stack=\toks25
LaTeX Info: Redefining \[ on input line 2666.
LaTeX Info: Redefining \] on input line 2667.
)
(/opt/texlive2008/texmf-dist/tex/latex/amsfonts/amsfonts.sty
Package: amsfonts 2001/10/25 v2.2f
\symAMSa=\mathgroup9
\symAMSb=\mathgroup10
LaTeX Font Info:    Overwriting math alphabet `\mathfrak' in version `bold'
(Font)                  U/euf/m/n --> U/euf/b/n on input line 132.
)
(/home/marik/.TeX/fancytooltips/fancytooltips.sty
Package: fancytooltips 2009/05/05 v1.5 fancytooltips.dtx file

(/opt/texlive2008/texmf-dist/tex/latex/ms/everyshi.sty
Package: everyshi 2001/05/15 v3.00 EveryShipout Package (MS)
)
(/opt/texlive2008/texmf-dist/tex/latex/graphics/graphicx.sty
Package: graphicx 1999/02/16 v1.0f Enhanced LaTeX Graphics (DPC,SPQR)
\Gin@req@height=\dimen120
\Gin@req@width=\dimen121
)
(/opt/texlive2008/texmf-dist/tex/latex/xkeyval/xkeyval.sty
Package: xkeyval 2008/08/13 v2.6a package option processing (HA)

(/opt/texlive2008/texmf-dist/tex/generic/xkeyval/xkeyval.tex
\XKV@toks=\toks26
\XKV@tempa@toks=\toks27
\XKV@depth=\count114
File: xkeyval.tex 2008/08/13 v2.6a key=value parser (HA)
))
(/opt/texlive2008/texmf-dist/tex/latex/eso-pic/eso-pic.sty
Package: eso-pic 2006/07/14 v1.1d eso-pic (RN)
)

Package fancytooltips Warning: ** The filename with tooltips is not given. ** o
n input line 52.

(/home/marik/.TeX/acrotex/eforms.sty
Package: eforms 2009/03/08 v2.5 Provides general eForms support (dps)

(/opt/texlive2008/texmf-dist/tex/latex/hyperref/hyperref.sty
Package: hyperref 2008/09/27 v6.78k Hypertext links for LaTeX

(/opt/texlive2008/texmf-dist/tex/generic/oberdiek/ifpdf.sty
Package: ifpdf 2007/12/12 v1.6 Provides the ifpdf switch (HO)
Package ifpdf Info: pdfTeX in pdf mode detected.
)
(/opt/texlive2008/texmf-dist/tex/generic/oberdiek/ifvtex.sty
Package: ifvtex 2007/09/09 v1.3 Switches for detecting VTeX and its modes (HO)
Package ifvtex Info: VTeX not detected.
)
(/opt/texlive2008/texmf-dist/tex/generic/ifxetex/ifxetex.sty
Package: ifxetex 2008/09/18 v0.4 Provides ifxetex conditional
)
(/opt/texlive2008/texmf-dist/tex/latex/oberdiek/hycolor.sty
Package: hycolor 2008/09/08 v1.4 Code for color options of hyperref/bookmark (H
O)

(/opt/texlive2008/texmf-dist/tex/latex/oberdiek/xcolor-patch.sty
Package: xcolor-patch 2008/09/08 xcolor patch
))
\@linkdim=\dimen122
\Hy@linkcounter=\count115
\Hy@pagecounter=\count116

(/opt/texlive2008/texmf-dist/tex/latex/hyperref/pd1enc.def
File: pd1enc.def 2008/09/27 v6.78k Hyperref: PDFDocEncoding definition (HO)
)
(/opt/texlive2008/texmf-dist/tex/generic/oberdiek/etexcmds.sty
Package: etexcmds 2007/12/12 v1.2 Prefix for e-TeX command names (HO)

(/opt/texlive2008/texmf-dist/tex/generic/oberdiek/infwarerr.sty
Package: infwarerr 2007/09/09 v1.2 Providing info/warning/message (HO)
)
Package etexcmds Info: Could not find \expanded.
(etexcmds)             That can mean that you are not using pdfTeX 1.50 or
(etexcmds)             that some package has redefined \expanded.
(etexcmds)             In the latter case, load this package earlier.
)
(/opt/texlive2008/texmf/tex/latex/config/hyperref.cfg
File: hyperref.cfg 2002/06/06 v1.2 hyperref configuration of TeXLive
)
(/opt/texlive2008/texmf-dist/tex/latex/oberdiek/kvoptions.sty
Package: kvoptions 2007/10/18 v3.0 Keyval support for LaTeX options (HO)
)
Package hyperref Info: Hyper figures OFF on input line 2893.
Package hyperref Info: Link nesting OFF on input line 2898.
Package hyperref Info: Hyper index ON on input line 2901.
Package hyperref Info: Plain pages OFF on input line 2908.
Package hyperref Info: Backreferencing OFF on input line 2913.

Implicit mode ON; LaTeX internals redefined
Package hyperref Info: Bookmarks ON on input line 3103.
(/opt/texlive2008/texmf-dist/tex/latex/ltxmisc/url.sty
\Urlmuskip=\muskip11
Package: url 2006/04/12  ver 3.3  Verb mode for urls, etc.
)
LaTeX Info: Redefining \url on input line 3337.

(/opt/texlive2008/texmf-dist/tex/generic/oberdiek/bitset.sty
Package: bitset 2007/09/28 v1.0 Data type bit set (HO)

(/opt/texlive2008/texmf-dist/tex/generic/oberdiek/intcalc.sty
Package: intcalc 2007/09/27 v1.1 Expandable integer calculations (HO)
)
(/opt/texlive2008/texmf-dist/tex/generic/oberdiek/bigintcalc.sty
Package: bigintcalc 2007/11/11 v1.1 Expandable big integer calculations (HO)

(/opt/texlive2008/texmf-dist/tex/generic/oberdiek/pdftexcmds.sty
Package: pdftexcmds 2007/12/12 v0.3 LuaTeX support for pdfTeX utility functions
 (HO)
Package pdftexcmds Info: LuaTeX not detected on input line 139.
)))
(/opt/texlive2008/texmf-dist/tex/generic/oberdiek/kvsetkeys.sty
Package: kvsetkeys 2007/09/29 v1.3 Key value parser with default handler suppor
t (HO)
)
\Fld@menulength=\count117
\Field@Width=\dimen123
\Fld@charsize=\dimen124
\Field@toks=\toks28
Package hyperref Info: Hyper figures OFF on input line 4254.
Package hyperref Info: Link nesting OFF on input line 4259.
Package hyperref Info: Hyper index ON on input line 4262.
Package hyperref Info: backreferencing OFF on input line 4269.
Package hyperref Info: Link coloring OFF on input line 4274.
Package hyperref Info: Link coloring with OCG OFF on input line 4279.
Package hyperref Info: PDF/A mode OFF on input line 4284.

(/opt/texlive2008/texmf-dist/tex/generic/oberdiek/atbegshi.sty
Package: atbegshi 2008/07/31 v1.9 At begin shipout hook (HO)
)
\Hy@abspage=\count118
\c@Item=\count119
\c@Hfootnote=\count120
)
*hyperref using driver hpdftex*
(/opt/texlive2008/texmf-dist/tex/latex/hyperref/hpdftex.def
File: hpdftex.def 2008/09/27 v6.78k Hyperref driver for pdfTeX
\Fld@listcount=\count121
)
(/home/marik/.TeX/acrotex/insdljs.sty
Package: insdljs 2007/07/26 v2.0i Insert Document Level JavaScripts (dps)

(/opt/texlive2008/texmf-dist/tex/latex/tools/verbatim.sty
Package: verbatim 2003/08/22 v1.5q LaTeX2e package for verbatim enhancements
\every@verbatim=\toks29
\verbatim@line=\toks30
\verbatim@in@stream=\read2
)
\js@verbatim@out=\write4
\c@dljs@cnt=\count122
\c@dljssegs=\count123
\JStoks=\toks31
\importfdftoks=\toks32
\dljsobjtoks=\toks33
)
\eq@tmpbox=\box32
\eq@tmpdima=\dimen125
\eqcenterWidget=\dimen126

(/home/marik/.TeX/acrotex/epdftex.def))
\tipfile=\write5
\openout5 = `fancytips.tex'.

)
(/opt/texlive2008/texmf-dist/tex/latex/fancybox/fancybox.sty
Package: fancybox 2000/09/19 1.3

Style option: `fancybox' v1.3 <2000/09/19> (tvz)
\@fancybox=\box33
\shadowsize=\dimen127
\@Sbox=\box34
\do@VerbBox=\toks34
\the@fancyput=\toks35
\this@fancyput=\toks36
\EndVerbatimTokens=\toks37
\Verbatim@Outfile=\write6
\Verbatim@Infile=\read3
) (/opt/texlive2008/texmf-dist/tex/latex/geometry/geometry.sty
Package: geometry 2002/07/08 v3.2 Page Geometry
\Gm@cnth=\count124
\Gm@cntv=\count125
\c@Gm@tempcnt=\count126
\Gm@bindingoffset=\dimen128
\Gm@wd@mp=\dimen129
\Gm@odd@mp=\dimen130
\Gm@even@mp=\dimen131
\Gm@dimlist=\toks38

(/opt/texlive2008/texmf-dist/tex/xelatex/xetexconfig/geometry.cfg))
(/opt/texlive2008/texmf-dist/tex/latex/graphics/color.sty
Package: color 2005/11/14 v1.0j Standard LaTeX Color (DPC)

(/opt/texlive2008/texmf/tex/latex/config/color.cfg
File: color.cfg 2007/01/18 v1.5 color configuration of teTeX/TeXLive
)
Package color Info: Driver file: pdftex.def on input line 130.
) (./tooltipy.aux)
\openout1 = `tooltipy.aux'.

LaTeX Font Info:    Checking defaults for OML/cmm/m/it on input line 172.
LaTeX Font Info:    ... okay on input line 172.
LaTeX Font Info:    Checking defaults for T1/cmr/m/n on input line 172.
LaTeX Font Info:    ... okay on input line 172.
LaTeX Font Info:    Checking defaults for OT1/cmr/m/n on input line 172.
LaTeX Font Info:    ... okay on input line 172.
LaTeX Font Info:    Checking defaults for OMS/cmsy/m/n on input line 172.
LaTeX Font Info:    ... okay on input line 172.
LaTeX Font Info:    Checking defaults for OMX/cmex/m/n on input line 172.
LaTeX Font Info:    ... okay on input line 172.
LaTeX Font Info:    Checking defaults for U/cmr/m/n on input line 172.
LaTeX Font Info:    ... okay on input line 172.
LaTeX Font Info:    Checking defaults for PD1/pdf/m/n on input line 172.
LaTeX Font Info:    ... okay on input line 172.
LaTeX Font Info:    Try loading font information for T1+phv on input line 172.

(/opt/texlive2008/texmf-dist/tex/latex/psnfss/t1phv.fd
File: t1phv.fd 2001/06/04 scalable font definitions for T1/phv.
)
LaTeX Font Info:    Font shape `T1/phv/m/n' will be
(Font)              scaled to size 9.49997pt on input line 172.

(/opt/texlive2008/texmf-dist/tex/context/base/supp-pdf.tex
[Loading MPS to PDF converter (version 2006.09.02).]
\scratchcounter=\count127
\scratchdimen=\dimen132
\scratchbox=\box35
\nofMPsegments=\count128
\nofMParguments=\count129
\everyMPshowfont=\toks39
\MPscratchCnt=\count130
\MPscratchDim=\dimen133
\MPnumerator=\count131
\everyMPtoPDFconversion=\toks40
) ABD: EveryShipout initializing macros
Package hyperref Info: Link coloring OFF on input line 172.

(/opt/texlive2008/texmf-dist/tex/latex/hyperref/nameref.sty
Package: nameref 2007/05/29 v2.31 Cross-referencing by name of section

(/opt/texlive2008/texmf-dist/tex/latex/oberdiek/refcount.sty
Package: refcount 2008/08/11 v3.1 Data extraction from references (HO)
)
\c@section@level=\count132
)
LaTeX Info: Redefining \ref on input line 172.
LaTeX Info: Redefining \pageref on input line 172.
 (./tooltipy.out) (./tooltipy.out)
\@outlinefile=\write7
\openout7 = `tooltipy.out'.

\AtBeginShipoutBox=\box36
LaTeX Font Info:    Try loading font information for U+pzd on input line 172.
 (/opt/texlive2008/texmf-dist/tex/latex/psnfss/upzd.fd
File: upzd.fd 2001/06/04 font definitions for U/pzd.
){/opt/texlive2008/texmf-var/fonts/map/pdftex/updmap/pdftex.map}
-------------------- Geometry parameters
paper: class default
landscape: --
twocolumn: --
twoside: --
asymmetric: --
h-parts: 1.0pt, 612.295pt, 1.0pt
v-parts: 1.0pt, 792.96999pt, 1.0pt
hmarginratio: --
vmarginratio: --
lines: --
heightrounded: --
bindingoffset: 0.0pt
truedimen: --
includehead: --
includefoot: --
includemp: --
driver: pdftex
-------------------- Page layout dimensions and switches
\paperwidth  614.295pt
\paperheight 794.96999pt
\textwidth  612.295pt
\textheight 792.96999pt
\oddsidemargin  -71.26999pt
\evensidemargin -71.26999pt
\topmargin  -108.26999pt
\headheight 12.0pt
\headsep    25.0pt
\footskip   30.0pt
\marginparwidth 65.0pt
\marginparsep   11.0pt
\columnsep  10.0pt
\skip\footins  9.0pt plus 4.0pt minus 2.0pt
\hoffset 0.0pt
\voffset 0.0pt
\mag 1000

(1in=72.27pt, 1cm=28.45pt)
-----------------------
LaTeX Font Info:    Font shape `T1/phv/m/n' will be
(Font)              scaled to size 7.59998pt on input line 176.
LaTeX Font Info:    Font shape `T1/phv/m/n' will be
(Font)              scaled to size 13.67995pt on input line 181.
LaTeX Font Info:    Try loading font information for U+mvs on input line 181.

(/opt/texlive2008/texmf-dist/tex/latex/marvosym/umvs.fd)
LaTeX Font Info:    Font shape `T1/phv/bx/n' in size <8> not available
(Font)              Font shape `T1/phv/b/n' tried instead on input line 181.
LaTeX Font Info:    Font shape `T1/phv/b/n' will be
(Font)              scaled to size 7.59998pt on input line 181.
LaTeX Font Info:    Try loading font information for OT1+hvr on input line 181.


(/opt/texlive2008/texmf-dist/tex/latex/hvmath/ot1hvr.fd
File: ot1hvr.fd 2001/05/18 v1.5 LaTeX HV Roman font definition (OT1 encoding)
)
LaTeX Font Info:    Try loading font information for OML+hvm on input line 181.


(/opt/texlive2008/texmf-dist/tex/latex/hvmath/omlhvm.fd
File: omlhvm.fd 2001/05/18 v1.5 LaTeX HV math font definition (OML encoding)
)
LaTeX Font Info:    Try loading font information for OMS+hvsy on input line 181
.

(/opt/texlive2008/texmf-dist/tex/latex/hvmath/omshvsy.fd
File: omshvsy.fd 2001/05/18 v1.5 LaTeX HV math symbol font definition (OMS enco
ding)
)
LaTeX Font Info:    Try loading font information for OMX+hvex on input line 181
.

(/opt/texlive2008/texmf-dist/tex/latex/hvmath/omxhvex.fd
File: omxhvex.fd 2001/05/18 v1.5 LaTeX HV math extended symbol font definition 
(OMX encoding)
)
Overfull \hbox (12.79999pt too wide) in paragraph at lines 181--181
[][] 
 []

[1

]
Overfull \hbox (12.79999pt too wide) in paragraph at lines 185--185
[][] 
 []

[2]
Overfull \hbox (12.79999pt too wide) in paragraph at lines 190--190
[][] 
 []

[3]
Overfull \hbox (12.79999pt too wide) in paragraph at lines 196--196
[][] 
 []

[4]
Overfull \hbox (12.79999pt too wide) in paragraph at lines 201--201
[][] 
 []

[5]
Overfull \hbox (12.79999pt too wide) in paragraph at lines 213--213
[][] 
 []

[6]
Overfull \hbox (12.79999pt too wide) in paragraph at lines 218--218
[][] 
 []

[7]
Overfull \hbox (12.79999pt too wide) in paragraph at lines 233--233
[][] 
 []

[8]
LaTeX Font Info:    Try loading font information for OMS+phv on input line 250.

 (/opt/texlive2008/texmf-dist/tex/latex/psnfss/omsphv.fd
File: omsphv.fd 
)
LaTeX Font Info:    Font shape `OMS/phv/m/n' in size <8> not available
(Font)              Font shape `OMS/cmsy/m/n' tried instead on input line 250.

Overfull \hbox (12.79999pt too wide) in paragraph at lines 250--250
[][] 
 []

[9]
Overfull \hbox (12.79999pt too wide) in paragraph at lines 263--263
[][] 
 []

[10]

Package amsmath Warning: Foreign command \over;
(amsmath)                \frac or \genfrac should be used instead
(amsmath)                 on input line 278.


Overfull \hbox (12.79999pt too wide) in paragraph at lines 278--278
[][] 
 []

[11]
Overfull \hbox (12.79999pt too wide) in paragraph at lines 283--283
[][] 
 []

[12]
Overfull \hbox (12.79999pt too wide) in paragraph at lines 286--286
[][] 
 []

[13]
Overfull \hbox (12.79999pt too wide) in paragraph at lines 306--306
[][] 
 []

[14]
LaTeX Font Info:    Font shape `T1/phv/m/n' will be
(Font)              scaled to size 5.69998pt on input line 324.
LaTeX Font Info:    Font shape `T1/phv/m/n' will be
(Font)              scaled to size 4.74998pt on input line 324.

Overfull \hbox (12.79999pt too wide) in paragraph at lines 324--324
[][] 
 []

[15]
Overfull \hbox (12.79999pt too wide) in paragraph at lines 331--331
[][] 
 []

[16]
Overfull \hbox (12.79999pt too wide) in paragraph at lines 340--340
[][] 
 []

[17]
Overfull \hbox (12.79999pt too wide) in paragraph at lines 346--346
[][] 
 []

[18]
Overfull \hbox (12.79999pt too wide) in paragraph at lines 350--350
[][] 
 []

[19]
Overfull \hbox (12.79999pt too wide) in paragraph at lines 358--358
[][] 
 []

[20]
Overfull \hbox (12.79999pt too wide) in paragraph at lines 365--365
[][] 
 []

[21]
Overfull \hbox (12.79999pt too wide) in paragraph at lines 379--379
[][] 
 []

[22]
Overfull \hbox (12.79999pt too wide) in paragraph at lines 388--388
[][] 
 []

[23]
Overfull \hbox (12.79999pt too wide) in paragraph at lines 400--400
[][] 
 []

[24]
Overfull \hbox (12.79999pt too wide) in paragraph at lines 410--410
[][] 
 []

[25]
Overfull \hbox (12.79999pt too wide) in paragraph at lines 416--416
[][] 
 []

[26]
Overfull \hbox (12.79999pt too wide) in paragraph at lines 422--422
[][] 
 []

[27]
Overfull \hbox (12.79999pt too wide) in paragraph at lines 427--427
[][] 
 []

[28]
Overfull \hbox (12.79999pt too wide) in paragraph at lines 437--437
[][] 
 []

[29]
Overfull \hbox (12.79999pt too wide) in paragraph at lines 447--447
[][] 
 []

[30]
Overfull \hbox (12.79999pt too wide) in paragraph at lines 467--467
[][] 
 []

[31]
Overfull \hbox (12.79999pt too wide) in paragraph at lines 479--479
[][] 
 []

[32]
File: stac-body.1 Graphic file (type mps)
 [MP to PDF] (./stac-body.1)
File: stac-body.2 Graphic file (type mps)
 [MP to PDF] (./stac-body.2)
Overfull \hbox (12.79999pt too wide) in paragraph at lines 557--557
[][] 
 []

[33]
File: stac-body.3 Graphic file (type mps)
 [MP to PDF] (./stac-body.3)
File: stac-body.4 Graphic file (type mps)
 [MP to PDF] (./stac-body.4)
Overfull \hbox (12.79999pt too wide) in paragraph at lines 572--572
[][] 
 []

[34]
File: stac-body.5 Graphic file (type mps)
 [MP to PDF] (./stac-body.5)
Overfull \hbox (12.79999pt too wide) in paragraph at lines 581--581
[][] 
 []

[35]
File: stac-body.6 Graphic file (type mps)
 [MP to PDF] (./stac-body.6)
File: stac-body.7 Graphic file (type mps)
 [MP to PDF] (./stac-body.7)
Overfull \hbox (12.79999pt too wide) in paragraph at lines 596--596
[][] 
 []

[36]
Overfull \hbox (12.79999pt too wide) in paragraph at lines 613--613
[][] 
 []

[37]
Overfull \hbox (12.79999pt too wide) in paragraph at lines 620--620
[][] 
 []

[38]
Overfull \hbox (12.79999pt too wide) in paragraph at lines 624--624
[][] 
 []

[39]
Overfull \hbox (12.79999pt too wide) in paragraph at lines 631--631
[][] 
 []

[40]
Overfull \hbox (12.79999pt too wide) in paragraph at lines 638--638
[][] 
 []

[41]
Overfull \hbox (12.79999pt too wide) in paragraph at lines 644--644
[][] 
 []

[42] (./tooltipy.aux) ) 
Here is how much of TeX's memory you used:
 9226 strings out of 494978
 116623 string characters out of 1179380
 226874 words of memory out of 3000000
 12174 multiletter control sequences out of 10000+50000
 35899 words of font info for 66 fonts, out of 3000000 for 5000
 46 hyphenation exceptions out of 8191
 50i,16n,68p,305b,1733s stack positions out of 5000i,500n,10000p,200000b,50000s
{/opt/texlive2008/texmf-dist/fonts/enc/dvips/base/8r.enc
}</opt/texlive2008/texmf-dist/fonts/type1/bluesky/cm/cmsy8.pfb></opt/texlive200
8/texmf-dist/fonts/type1/micropress/hvmath/hvbm10.pfb></opt/texlive2008/texmf-d
ist/fonts/type1/micropress/hvmath/hvbsy10.pfb></opt/texlive2008/texmf-dist/font
s/type1/micropress/hvmath/hvex10.pfb></opt/texlive2008/texmf-dist/fonts/type1/m
icropress/hvmath/hvmi10.pfb></opt/texlive2008/texmf-dist/fonts/type1/micropress
/hvmath/hvmib10.pfb></opt/texlive2008/texmf-dist/fonts/type1/micropress/hvmath/
hvrm10ex.pfb></opt/texlive2008/texmf-dist/fonts/type1/micropress/hvmath/hvsy10.
pfb></opt/texlive2008/texmf-dist/fonts/type1/public/marvosym/marvosym.pfb></opt
/texlive2008/texmf-dist/fonts/type1/micropress/hvmath/mphv.pfb></opt/texlive200
8/texmf-dist/fonts/type1/micropress/hvmath/mphvb.pfb></opt/texlive2008/texmf-di
st/fonts/type1/urw/helvetic/uhvb8a.pfb></opt/texlive2008/texmf-dist/fonts/type1
/urw/helvetic/uhvr8a.pfb></opt/texlive2008/texmf-dist/fonts/type1/urw/zapfding/
uzdr.pfb>
Output written on tooltipy.pdf (42 pages, 146112 bytes).
PDF statistics:
 263 PDF objects out of 1000 (max. 8388607)
 45 named destinations out of 1000 (max. 131072)
 35 words of extra memory for PDF output out of 10000 (max. 10000000)

